2023-12-07 10:42:59.505 [info] Log level: Info
2023-12-07 10:42:59.505 [info] Validating found git in: "git"
2023-12-07 10:42:59.505 [info] Using git "2.25.1" from "git"
2023-12-07 10:42:59.505 [info] > git rev-parse --show-toplevel [21ms]
2023-12-07 10:42:59.505 [info] > git rev-parse --git-dir --git-common-dir [1ms]
2023-12-07 10:42:59.505 [info] Open repository: /root
2023-12-07 10:42:59.505 [info] > git rev-parse --show-toplevel [4ms]
2023-12-07 10:42:59.505 [info] > git config --get commit.template [6ms]
2023-12-07 10:42:59.505 [info] > git rev-parse --show-toplevel [4ms]
2023-12-07 10:42:59.505 [info] > git rev-parse --show-toplevel [1ms]
2023-12-07 10:42:59.505 [info] > git for-each-ref --format %(refname) %(objectname) %(*objectname) refs/tags [9ms]
2023-12-07 10:42:59.505 [info] > git rev-parse --show-toplevel [12ms]
2023-12-07 10:42:59.505 [info] > git rev-parse --show-toplevel [1ms]
2023-12-07 10:42:59.505 [info] > git rev-parse --show-toplevel [1ms]
2023-12-07 10:42:59.505 [info] > git rev-parse --show-toplevel [2ms]
2023-12-07 10:42:59.505 [info] > git rev-parse --show-toplevel [2ms]
2023-12-07 10:42:59.505 [info] > git rev-parse --show-toplevel [1ms]
2023-12-07 10:42:59.505 [info] > git rev-parse --show-toplevel [1ms]
2023-12-07 10:42:59.505 [info] > git rev-parse --show-toplevel [1ms]
2023-12-07 10:42:59.505 [info] > git rev-parse --show-toplevel [1ms]
2023-12-07 10:42:59.505 [info] > git rev-parse --show-toplevel [1ms]
2023-12-07 10:42:59.505 [info] > git status -z -uall [49ms]
2023-12-07 10:42:59.505 [info] > git rev-parse --show-toplevel [176ms]
2023-12-07 10:42:59.505 [info] > git config --get commit.template [7ms]
2023-12-07 10:42:59.505 [info] > git rev-parse --show-toplevel [2ms]
2023-12-07 10:42:59.505 [info] > git rev-parse --show-toplevel [2ms]
2023-12-07 10:42:59.505 [info] > git for-each-ref --format %(refname) %(objectname) %(*objectname) refs/tags [7ms]
2023-12-07 10:42:59.505 [info] > git rev-parse --show-toplevel [4ms]
2023-12-07 10:42:59.511 [info] > git rev-parse --show-toplevel [6ms]
2023-12-07 10:42:59.530 [info] > git rev-parse --show-toplevel [16ms]
2023-12-07 10:42:59.535 [info] > git status -z -uall [46ms]
2023-12-07 10:42:59.552 [info] > git rev-parse --show-toplevel [18ms]
2023-12-07 10:42:59.559 [info] > git rev-parse --show-toplevel [4ms]
2023-12-07 10:42:59.563 [info] > git rev-parse --show-toplevel [0ms]
2023-12-07 10:42:59.568 [info] > git rev-parse --git-dir --git-common-dir [1ms]
2023-12-07 10:42:59.570 [info] Open repository: /root/dtc
2023-12-07 10:42:59.578 [info] > git config --get commit.template [4ms]
2023-12-07 10:42:59.578 [info] > git rev-parse --show-toplevel [1ms]
2023-12-07 10:42:59.585 [info] > git for-each-ref --format %(refname) %(objectname) %(*objectname) refs/tags [4ms]
2023-12-07 10:42:59.589 [info] > git rev-parse --show-toplevel [5ms]
2023-12-07 10:42:59.592 [info] > git status -z -uall [4ms]
2023-12-07 10:42:59.600 [info] > git rev-parse --show-toplevel [8ms]
2023-12-07 10:42:59.604 [info] > git config --get commit.template [4ms]
2023-12-07 10:42:59.609 [info] > git rev-parse --show-toplevel [6ms]
2023-12-07 10:42:59.613 [info] > git for-each-ref --format %(refname) %(objectname) %(*objectname) refs/tags [4ms]
2023-12-07 10:42:59.616 [info] > git rev-parse --show-toplevel [4ms]
2023-12-07 10:42:59.620 [info] > git status -z -uall [4ms]
2023-12-07 10:42:59.621 [info] > git rev-parse --show-toplevel [2ms]
2023-12-07 10:42:59.625 [info] > git rev-parse --show-toplevel [1ms]
2023-12-07 10:42:59.629 [info] > git rev-parse --show-toplevel [0ms]
2023-12-07 10:42:59.632 [info] > git rev-parse --show-toplevel [0ms]
2023-12-07 10:42:59.636 [info] > git rev-parse --show-toplevel [1ms]
2023-12-07 10:42:59.774 [info] > git rev-parse --show-toplevel [135ms]
2023-12-07 10:42:59.782 [info] > git rev-parse --show-toplevel [1ms]
2023-12-07 10:42:59.787 [info] > git rev-parse --show-toplevel [1ms]
2023-12-07 10:42:59.792 [info] > git rev-parse --git-dir --git-common-dir [1ms]
2023-12-07 10:42:59.795 [info] Open repository: /root/meson
2023-12-07 10:42:59.806 [info] > git rev-parse --show-toplevel [4ms]
2023-12-07 10:42:59.807 [info] > git config --get commit.template [8ms]
2023-12-07 10:42:59.816 [info] > git rev-parse --show-toplevel [5ms]
2023-12-07 10:42:59.821 [info] > git for-each-ref --format %(refname) %(objectname) %(*objectname) refs/tags [6ms]
2023-12-07 10:42:59.825 [info] > git rev-parse --show-toplevel [5ms]
2023-12-07 10:42:59.832 [info] > git rev-parse --show-toplevel [3ms]
2023-12-07 10:42:59.837 [info] > git rev-parse --show-toplevel [1ms]
2023-12-07 10:42:59.841 [info] > git status -z -uall [17ms]
2023-12-07 10:42:59.848 [info] > git rev-parse --show-toplevel [8ms]
2023-12-07 10:42:59.855 [info] > git config --get commit.template [6ms]
2023-12-07 10:42:59.855 [info] > git rev-parse --show-toplevel [1ms]
2023-12-07 10:42:59.863 [info] > git for-each-ref --format %(refname) %(objectname) %(*objectname) refs/tags [4ms]
2023-12-07 10:42:59.867 [info] > git rev-parse --show-toplevel [5ms]
2023-12-07 10:42:59.873 [info] > git rev-parse --show-toplevel [2ms]
2023-12-07 10:42:59.877 [info] > git rev-parse --show-toplevel [0ms]
2023-12-07 10:42:59.882 [info] > git status -z -uall [15ms]
2023-12-07 10:42:59.883 [info] > git rev-parse --show-toplevel [2ms]
2023-12-07 10:42:59.888 [info] > git rev-parse --show-toplevel [0ms]
2023-12-07 10:42:59.892 [info] > git rev-parse --show-toplevel [1ms]
2023-12-07 10:42:59.896 [info] > git rev-parse --show-toplevel [1ms]
2023-12-07 10:42:59.899 [info] > git rev-parse --show-toplevel [0ms]
2023-12-07 10:42:59.903 [info] > git rev-parse --show-toplevel [0ms]
2023-12-07 10:42:59.907 [info] > git rev-parse --show-toplevel [1ms]
2023-12-07 10:42:59.911 [info] > git rev-parse --show-toplevel [1ms]
2023-12-07 10:42:59.915 [info] > git rev-parse --show-toplevel [1ms]
2023-12-07 10:42:59.919 [info] > git rev-parse --show-toplevel [1ms]
2023-12-07 10:42:59.923 [info] > git rev-parse --show-toplevel [0ms]
2023-12-07 10:42:59.926 [info] > git rev-parse --show-toplevel [0ms]
2023-12-07 10:42:59.930 [info] > git rev-parse --show-toplevel [1ms]
2023-12-07 10:42:59.934 [info] > git rev-parse --show-toplevel [1ms]
2023-12-07 10:42:59.937 [info] > git rev-parse --show-toplevel [0ms]
2023-12-07 10:42:59.941 [info] > git rev-parse --show-toplevel [0ms]
2023-12-07 10:42:59.945 [info] > git rev-parse --show-toplevel [1ms]
2023-12-07 10:42:59.949 [info] > git rev-parse --show-toplevel [1ms]
2023-12-07 10:42:59.953 [info] > git rev-parse --show-toplevel [1ms]
2023-12-07 10:42:59.959 [info] > git rev-parse --show-toplevel [1ms]
2023-12-07 10:42:59.965 [info] > git rev-parse --show-toplevel [3ms]
2023-12-07 10:42:59.969 [info] > git rev-parse --show-toplevel [1ms]
2023-12-07 10:42:59.972 [info] > git rev-parse --show-toplevel [0ms]
2023-12-07 10:42:59.976 [info] > git rev-parse --show-toplevel [0ms]
2023-12-07 10:42:59.980 [info] > git rev-parse --show-toplevel [0ms]
2023-12-07 10:42:59.984 [info] > git rev-parse --show-toplevel [1ms]
2023-12-07 10:42:59.988 [info] > git rev-parse --show-toplevel [1ms]
2023-12-07 10:42:59.992 [info] > git rev-parse --show-toplevel [1ms]
2023-12-07 10:42:59.995 [info] > git rev-parse --git-dir --git-common-dir [0ms]
2023-12-07 10:42:59.998 [info] Open repository: /root/ui/keycodemapdb
2023-12-07 10:43:00.005 [info] > git config --get commit.template [4ms]
2023-12-07 10:43:00.005 [info] > git for-each-ref --format %(refname) %(objectname) %(*objectname) refs/tags [1ms]
2023-12-07 10:43:00.028 [info] > git status -z -uall [20ms]
2023-12-07 10:43:00.028 [info] > git show --textconv :hw/virtio/tpm_virtio.c [15ms]
2023-12-07 10:43:00.028 [info] > git show --textconv :hw/virtio/virtio-input-pci.c [11ms]
2023-12-07 10:43:00.029 [info] > git ls-files --stage -- /root/hw/virtio/virtio-input-pci.c [5ms]
2023-12-07 10:43:00.032 [info] > git ls-files --stage -- /root/hw/virtio/tpm_virtio.c [12ms]
2023-12-07 10:43:00.040 [info] > git cat-file -s a9d0992389f298a5507344f2c1f3c1f45338a394 [8ms]
2023-12-07 10:43:00.041 [info] > git check-ignore -v -z --stdin [13ms]
2023-12-07 10:43:00.042 [info] > git config --get commit.template [3ms]
2023-12-07 10:43:00.046 [info] > git for-each-ref --format %(refname) %(objectname) %(*objectname) refs/tags [1ms]
2023-12-07 10:43:00.051 [info] > git status -z -uall [2ms]
2023-12-07 10:43:00.662 [info] > git check-ignore -v -z --stdin [11ms]
2023-12-07 10:44:07.283 [info] > git show --textconv :softmmu/vl.c [4ms]
2023-12-07 10:44:07.284 [info] > git ls-files --stage -- /root/softmmu/vl.c [1ms]
2023-12-07 10:44:07.291 [info] > git cat-file -s ea20b23e4c844f4d6d29f0b6939aa90be7edadca [4ms]
2023-12-07 10:44:07.292 [info] > git check-ignore -v -z --stdin [2ms]
2023-12-07 10:44:07.880 [info] > git check-ignore -v -z --stdin [9ms]
2023-12-07 10:44:37.978 [info] > git show --textconv :softmmu/main.c [4ms]
2023-12-07 10:44:37.979 [info] > git ls-files --stage -- /root/softmmu/main.c [2ms]
2023-12-07 10:44:37.983 [info] > git cat-file -s 694388bd7f7f6785c2e753b184fc2bd2e77bf296 [1ms]
2023-12-07 10:44:40.533 [info] > git show --textconv :softmmu/vl.c [4ms]
2023-12-07 10:44:40.534 [info] > git ls-files --stage -- /root/softmmu/vl.c [2ms]
2023-12-07 10:44:40.538 [info] > git cat-file -s ea20b23e4c844f4d6d29f0b6939aa90be7edadca [1ms]
2023-12-07 10:44:52.911 [info] > git show --textconv :util/qemu-option.c [4ms]
2023-12-07 10:44:52.912 [info] > git ls-files --stage -- /root/util/qemu-option.c [1ms]
2023-12-07 10:44:52.916 [info] > git cat-file -s eedd08929b47d0dde26dbe8bbe2ee1e4e4b6d516 [1ms]
2023-12-07 10:44:53.058 [info] > git check-ignore -v -z --stdin [1ms]
2023-12-07 10:44:53.582 [info] > git check-ignore -v -z --stdin [13ms]
2023-12-07 10:45:03.003 [info] > git show --textconv :softmmu/qdev-monitor.c [3ms]
2023-12-07 10:45:03.004 [info] > git ls-files --stage -- /root/softmmu/qdev-monitor.c [2ms]
2023-12-07 10:45:03.008 [info] > git cat-file -s b8d2c4dadd1184ea546f3eed3614e0b1805d9d2b [1ms]
2023-12-07 10:45:03.359 [info] > git check-ignore -v -z --stdin [3ms]
2023-12-07 10:50:07.424 [info] > git check-ignore -v -z --stdin [2ms]
2023-12-07 10:50:07.428 [info] > git check-ignore -v -z --stdin [9ms]
2023-12-07 10:50:09.406 [info] > git check-ignore -v -z --stdin [1ms]
2023-12-07 10:50:09.414 [info] > git check-ignore -v -z --stdin [12ms]
2023-12-07 10:50:20.041 [info] > git check-ignore -v -z --stdin [4ms]
2023-12-07 10:50:21.052 [info] > git check-ignore -v -z --stdin [4ms]
2023-12-07 10:50:23.334 [info] > git check-ignore -v -z --stdin [4ms]
2023-12-07 10:50:26.382 [info] > git show --textconv :log.file [4ms]
2023-12-07 10:50:26.383 [info] > git ls-files --stage -- /root/log.file [2ms]
2023-12-07 10:55:35.723 [info] > git show --textconv :MAINTAINERS [4ms]
2023-12-07 10:55:35.724 [info] > git ls-files --stage -- /root/MAINTAINERS [2ms]
2023-12-07 10:55:35.728 [info] > git cat-file -s 2c2068ea5c34d1fd1f203cf6df08873de95ddab0 [1ms]
2023-12-07 10:55:36.201 [info] > git show --textconv :log.file [4ms]
2023-12-07 10:55:36.202 [info] > git ls-files --stage -- /root/log.file [2ms]
2023-12-07 10:55:37.553 [info] > git show --textconv :MAINTAINERS [5ms]
2023-12-07 10:55:37.554 [info] > git ls-files --stage -- /root/MAINTAINERS [2ms]
2023-12-07 10:55:37.559 [info] > git cat-file -s 2c2068ea5c34d1fd1f203cf6df08873de95ddab0 [1ms]
2023-12-07 10:55:38.558 [info] > git show --textconv :log.file [4ms]
2023-12-07 10:55:38.560 [info] > git ls-files --stage -- /root/log.file [2ms]
2023-12-07 10:56:10.717 [info] > git show --textconv :util/qemu-option.c [4ms]
2023-12-07 10:56:10.718 [info] > git ls-files --stage -- /root/util/qemu-option.c [2ms]
2023-12-07 10:56:10.722 [info] > git cat-file -s eedd08929b47d0dde26dbe8bbe2ee1e4e4b6d516 [1ms]
2023-12-07 10:56:11.164 [info] > git check-ignore -v -z --stdin [5ms]
2023-12-07 10:56:26.163 [info] > git show --textconv :qom/object.c [4ms]
2023-12-07 10:56:26.164 [info] > git ls-files --stage -- /root/qom/object.c [1ms]
2023-12-07 10:56:26.169 [info] > git cat-file -s e25f1e96db1ecf325af37d204aa843d28e0a4556 [1ms]
2023-12-07 10:56:26.754 [info] > git check-ignore -v -z --stdin [3ms]
2023-12-07 10:56:40.033 [info] > git show --textconv :softmmu/qdev-monitor.c [4ms]
2023-12-07 10:56:40.034 [info] > git ls-files --stage -- /root/softmmu/qdev-monitor.c [1ms]
2023-12-07 10:56:40.038 [info] > git cat-file -s b8d2c4dadd1184ea546f3eed3614e0b1805d9d2b [0ms]
2023-12-07 10:58:55.175 [info] > git show --textconv :qom/object.c [5ms]
2023-12-07 10:58:55.176 [info] > git ls-files --stage -- /root/qom/object.c [2ms]
2023-12-07 10:58:55.180 [info] > git cat-file -s e25f1e96db1ecf325af37d204aa843d28e0a4556 [1ms]
2023-12-07 11:00:16.480 [info] > git show --textconv :hw/virtio/tpm_virtio.c [4ms]
2023-12-07 11:00:16.481 [info] > git ls-files --stage -- /root/hw/virtio/tpm_virtio.c [1ms]
2023-12-07 11:00:53.062 [info] > git show --textconv :softmmu/qdev-monitor.c [4ms]
2023-12-07 11:00:53.063 [info] > git ls-files --stage -- /root/softmmu/qdev-monitor.c [1ms]
2023-12-07 11:00:53.068 [info] > git cat-file -s b8d2c4dadd1184ea546f3eed3614e0b1805d9d2b [1ms]
2023-12-07 11:01:01.014 [info] > git show --textconv :hw/virtio/tpm_virtio.c [5ms]
2023-12-07 11:01:01.014 [info] > git ls-files --stage -- /root/hw/virtio/tpm_virtio.c [1ms]
2023-12-07 11:09:18.147 [info] > git show --textconv :qom/object.c [4ms]
2023-12-07 11:09:18.149 [info] > git ls-files --stage -- /root/qom/object.c [1ms]
2023-12-07 11:09:18.153 [info] > git cat-file -s e25f1e96db1ecf325af37d204aa843d28e0a4556 [1ms]
2023-12-07 11:09:20.592 [info] > git show --textconv :softmmu/qdev-monitor.c [5ms]
2023-12-07 11:09:20.593 [info] > git ls-files --stage -- /root/softmmu/qdev-monitor.c [1ms]
2023-12-07 11:09:20.597 [info] > git cat-file -s b8d2c4dadd1184ea546f3eed3614e0b1805d9d2b [1ms]
2023-12-07 11:15:58.122 [info] > git show --textconv :hw/virtio/tpm_virtio.c [4ms]
2023-12-07 11:15:58.123 [info] > git ls-files --stage -- /root/hw/virtio/tpm_virtio.c [1ms]
2023-12-07 11:17:36.399 [info] > git show --textconv :qom/object.c [4ms]
2023-12-07 11:17:36.401 [info] > git ls-files --stage -- /root/qom/object.c [1ms]
2023-12-07 11:17:36.405 [info] > git cat-file -s e25f1e96db1ecf325af37d204aa843d28e0a4556 [1ms]
2023-12-07 11:34:49.919 [info] > git show --textconv :hw/virtio/tpm_virtio.c [4ms]
2023-12-07 11:34:49.920 [info] > git ls-files --stage -- /root/hw/virtio/tpm_virtio.c [1ms]
2023-12-07 11:47:29.635 [info] > git show --textconv :hw/virtio/tpm_virtio.h [4ms]
2023-12-07 11:47:29.637 [info] > git ls-files --stage -- /root/hw/virtio/tpm_virtio.h [2ms]
2023-12-07 11:47:35.086 [info] > git show --textconv :hw/virtio/tpm_virtio.c [5ms]
2023-12-07 11:47:35.087 [info] > git ls-files --stage -- /root/hw/virtio/tpm_virtio.c [2ms]
2023-12-07 15:52:15.545 [info] > git show --textconv :qom/object.c [4ms]
2023-12-07 15:52:15.546 [info] > git ls-files --stage -- /root/qom/object.c [1ms]
2023-12-07 15:52:15.551 [info] > git cat-file -s e25f1e96db1ecf325af37d204aa843d28e0a4556 [1ms]
2023-12-07 15:54:28.341 [info] > git show --textconv :softmmu/qdev-monitor.c [4ms]
2023-12-07 15:54:28.342 [info] > git ls-files --stage -- /root/softmmu/qdev-monitor.c [1ms]
2023-12-07 15:54:28.346 [info] > git cat-file -s b8d2c4dadd1184ea546f3eed3614e0b1805d9d2b [0ms]
2023-12-07 16:05:51.137 [info] > git show --textconv :softmmu/vl.c [5ms]
2023-12-07 16:05:51.138 [info] > git ls-files --stage -- /root/softmmu/vl.c [2ms]
2023-12-07 16:05:51.142 [info] > git cat-file -s ea20b23e4c844f4d6d29f0b6939aa90be7edadca [1ms]
2023-12-07 16:05:53.846 [info] > git show --textconv :softmmu/qdev-monitor.c [4ms]
2023-12-07 16:05:53.847 [info] > git ls-files --stage -- /root/softmmu/qdev-monitor.c [2ms]
2023-12-07 16:05:53.851 [info] > git cat-file -s b8d2c4dadd1184ea546f3eed3614e0b1805d9d2b [1ms]
2023-12-07 16:06:01.789 [info] > git show --textconv :qom/object.c [4ms]
2023-12-07 16:06:01.790 [info] > git ls-files --stage -- /root/qom/object.c [1ms]
2023-12-07 16:06:01.795 [info] > git cat-file -s e25f1e96db1ecf325af37d204aa843d28e0a4556 [0ms]
2023-12-07 16:22:58.126 [info] > git show --textconv :hw/virtio/tpm_virtio.c [4ms]
2023-12-07 16:22:58.127 [info] > git ls-files --stage -- /root/hw/virtio/tpm_virtio.c [2ms]
2023-12-07 16:24:28.349 [info] > git show --textconv :qom/object.c [4ms]
2023-12-07 16:24:28.350 [info] > git ls-files --stage -- /root/qom/object.c [1ms]
2023-12-07 16:24:28.355 [info] > git cat-file -s e25f1e96db1ecf325af37d204aa843d28e0a4556 [1ms]
2023-12-07 16:32:13.014 [info] > git show --textconv :hw/virtio/tpm_virtio.c [3ms]
2023-12-07 16:32:13.015 [info] > git ls-files --stage -- /root/hw/virtio/tpm_virtio.c [2ms]
2023-12-07 16:38:03.947 [info] > git show --textconv :softmmu/qdev-monitor.c [4ms]
2023-12-07 16:38:03.948 [info] > git ls-files --stage -- /root/softmmu/qdev-monitor.c [2ms]
2023-12-07 16:38:03.952 [info] > git cat-file -s b8d2c4dadd1184ea546f3eed3614e0b1805d9d2b [1ms]
2023-12-07 16:38:07.290 [info] > git show --textconv :util/qemu-option.c [4ms]
2023-12-07 16:38:07.291 [info] > git ls-files --stage -- /root/util/qemu-option.c [1ms]
2023-12-07 16:38:07.296 [info] > git cat-file -s eedd08929b47d0dde26dbe8bbe2ee1e4e4b6d516 [0ms]
2023-12-07 16:38:08.398 [info] > git show --textconv :hw/virtio/tpm_virtio.c [4ms]
2023-12-07 16:38:08.400 [info] > git ls-files --stage -- /root/hw/virtio/tpm_virtio.c [2ms]
2023-12-07 16:38:11.999 [info] > git show --textconv :hw/virtio/vhost-scsi-pci.c [4ms]
2023-12-07 16:38:12.000 [info] > git ls-files --stage -- /root/hw/virtio/vhost-scsi-pci.c [1ms]
2023-12-07 16:38:12.004 [info] > git cat-file -s 08980bc23bdbb1eda9c9b42fd64878e348319225 [1ms]
2023-12-07 16:39:03.365 [info] > git show --textconv :hw/virtio/tpm_virtio.c [4ms]
2023-12-07 16:39:03.366 [info] > git ls-files --stage -- /root/hw/virtio/tpm_virtio.c [1ms]
2023-12-07 16:39:09.724 [info] > git show --textconv :hw/virtio/vhost-scsi-pci.c [4ms]
2023-12-07 16:39:09.726 [info] > git ls-files --stage -- /root/hw/virtio/vhost-scsi-pci.c [2ms]
2023-12-07 16:39:09.730 [info] > git cat-file -s 08980bc23bdbb1eda9c9b42fd64878e348319225 [1ms]
2023-12-07 16:39:48.532 [info] > git show --textconv :qom/object.c [4ms]
2023-12-07 16:39:48.533 [info] > git ls-files --stage -- /root/qom/object.c [1ms]
2023-12-07 16:39:48.538 [info] > git cat-file -s e25f1e96db1ecf325af37d204aa843d28e0a4556 [0ms]
2023-12-07 17:10:22.920 [info] > git show --textconv :hw/virtio/tpm_virtio.c [4ms]
2023-12-07 17:10:22.922 [info] > git ls-files --stage -- /root/hw/virtio/tpm_virtio.c [2ms]
2023-12-07 17:10:57.821 [info] > git show --textconv :softmmu/qdev-monitor.c [4ms]
2023-12-07 17:10:57.823 [info] > git ls-files --stage -- /root/softmmu/qdev-monitor.c [1ms]
2023-12-07 17:10:57.827 [info] > git cat-file -s b8d2c4dadd1184ea546f3eed3614e0b1805d9d2b [1ms]
2023-12-07 17:52:38.459 [info] > git show --textconv :hw/virtio/virtio-tpm-pci.c [4ms]
2023-12-07 17:52:38.460 [info] > git ls-files --stage -- /root/hw/virtio/virtio-tpm-pci.c [1ms]
