2023-12-06 21:38:03.590 [info] Log level: Info
2023-12-06 21:38:03.590 [info] Validating found git in: "git"
2023-12-06 21:38:03.590 [info] Using git "2.25.1" from "git"
2023-12-06 21:38:03.590 [info] > git rev-parse --show-toplevel [23ms]
2023-12-06 21:38:03.590 [info] > git rev-parse --git-dir --git-common-dir [1ms]
2023-12-06 21:38:03.590 [info] Open repository: /root
2023-12-06 21:38:03.590 [info] > git config --get commit.template [3ms]
2023-12-06 21:38:03.590 [info] > git rev-parse --show-toplevel [1ms]
2023-12-06 21:38:03.590 [info] > git rev-parse --show-toplevel [1ms]
2023-12-06 21:38:03.590 [info] > git for-each-ref --format %(refname) %(objectname) %(*objectname) refs/tags [7ms]
2023-12-06 21:38:03.590 [info] > git rev-parse --show-toplevel [8ms]
2023-12-06 21:38:03.590 [info] > git rev-parse --show-toplevel [1ms]
2023-12-06 21:38:03.590 [info] > git rev-parse --show-toplevel [2ms]
2023-12-06 21:38:03.591 [info] > git rev-parse --show-toplevel [1ms]
2023-12-06 21:38:03.594 [info] > git rev-parse --show-toplevel [0ms]
2023-12-06 21:38:03.598 [info] > git rev-parse --show-toplevel [1ms]
2023-12-06 21:38:03.602 [info] > git rev-parse --show-toplevel [1ms]
2023-12-06 21:38:03.605 [info] > git rev-parse --show-toplevel [1ms]
2023-12-06 21:38:03.608 [info] > git rev-parse --show-toplevel [0ms]
2023-12-06 21:38:03.612 [info] > git rev-parse --show-toplevel [1ms]
2023-12-06 21:38:03.615 [info] > git rev-parse --show-toplevel [1ms]
2023-12-06 21:38:03.619 [info] > git status -z -uall [44ms]
2023-12-06 21:38:03.767 [info] > git rev-parse --show-toplevel [149ms]
2023-12-06 21:38:03.772 [info] > git config --get commit.template [6ms]
2023-12-06 21:38:03.772 [info] > git rev-parse --show-toplevel [1ms]
2023-12-06 21:38:03.785 [info] > git rev-parse --show-toplevel [4ms]
2023-12-06 21:38:03.788 [info] > git for-each-ref --format %(refname) %(objectname) %(*objectname) refs/tags [9ms]
2023-12-06 21:38:03.815 [info] > git rev-parse --show-toplevel [17ms]
2023-12-06 21:38:03.820 [info] > git rev-parse --show-toplevel [0ms]
2023-12-06 21:38:03.826 [info] > git rev-parse --show-toplevel [1ms]
2023-12-06 21:38:03.829 [info] > git rev-parse --show-toplevel [0ms]
2023-12-06 21:38:03.833 [info] > git rev-parse --show-toplevel [1ms]
2023-12-06 21:38:03.837 [info] > git status -z -uall [46ms]
2023-12-06 21:38:03.851 [info] > git rev-parse --git-dir --git-common-dir [15ms]
2023-12-06 21:38:03.854 [info] Open repository: /root/dtc
2023-12-06 21:38:03.861 [info] > git config --get commit.template [3ms]
2023-12-06 21:38:03.861 [info] > git rev-parse --show-toplevel [1ms]
2023-12-06 21:38:03.867 [info] > git for-each-ref --format %(refname) %(objectname) %(*objectname) refs/tags [3ms]
2023-12-06 21:38:03.871 [info] > git rev-parse --show-toplevel [4ms]
2023-12-06 21:38:03.874 [info] > git status -z -uall [4ms]
2023-12-06 21:38:03.881 [info] > git rev-parse --show-toplevel [7ms]
2023-12-06 21:38:03.884 [info] > git config --get commit.template [3ms]
2023-12-06 21:38:03.888 [info] > git rev-parse --show-toplevel [4ms]
2023-12-06 21:38:03.891 [info] > git for-each-ref --format %(refname) %(objectname) %(*objectname) refs/tags [4ms]
2023-12-06 21:38:03.894 [info] > git rev-parse --show-toplevel [3ms]
2023-12-06 21:38:03.897 [info] > git status -z -uall [3ms]
2023-12-06 21:38:03.898 [info] > git rev-parse --show-toplevel [1ms]
2023-12-06 21:38:03.902 [info] > git rev-parse --show-toplevel [1ms]
2023-12-06 21:38:03.905 [info] > git rev-parse --show-toplevel [0ms]
2023-12-06 21:38:03.909 [info] > git rev-parse --show-toplevel [1ms]
2023-12-06 21:38:03.912 [info] > git rev-parse --show-toplevel [0ms]
2023-12-06 21:38:03.916 [info] > git rev-parse --show-toplevel [1ms]
2023-12-06 21:38:03.920 [info] > git rev-parse --show-toplevel [0ms]
2023-12-06 21:38:03.923 [info] > git rev-parse --show-toplevel [1ms]
2023-12-06 21:38:03.927 [info] > git rev-parse --git-dir --git-common-dir [1ms]
2023-12-06 21:38:03.929 [info] Open repository: /root/meson
2023-12-06 21:38:03.935 [info] > git config --get commit.template [3ms]
2023-12-06 21:38:03.936 [info] > git rev-parse --show-toplevel [1ms]
2023-12-06 21:38:04.066 [info] > git rev-parse --show-toplevel [124ms]
2023-12-06 21:38:04.067 [info] > git for-each-ref --format %(refname) %(objectname) %(*objectname) refs/tags [127ms]
2023-12-06 21:38:04.080 [info] > git rev-parse --show-toplevel [1ms]
2023-12-06 21:38:04.088 [info] > git status -z -uall [15ms]
2023-12-06 21:38:04.088 [info] > git rev-parse --show-toplevel [4ms]
2023-12-06 21:38:04.099 [info] > git rev-parse --show-toplevel [4ms]
2023-12-06 21:38:04.100 [info] > git config --get commit.template [1ms]
2023-12-06 21:38:04.107 [info] > git rev-parse --show-toplevel [4ms]
2023-12-06 21:38:04.111 [info] > git for-each-ref --format %(refname) %(objectname) %(*objectname) refs/tags [5ms]
2023-12-06 21:38:04.115 [info] > git rev-parse --show-toplevel [5ms]
2023-12-06 21:38:04.124 [info] > git rev-parse --show-toplevel [5ms]
2023-12-06 21:38:04.128 [info] > git rev-parse --show-toplevel [1ms]
2023-12-06 21:38:04.131 [info] > git status -z -uall [16ms]
2023-12-06 21:38:04.133 [info] > git rev-parse --show-toplevel [2ms]
2023-12-06 21:38:04.137 [info] > git rev-parse --show-toplevel [0ms]
2023-12-06 21:38:04.140 [info] > git rev-parse --show-toplevel [0ms]
2023-12-06 21:38:04.144 [info] > git rev-parse --show-toplevel [1ms]
2023-12-06 21:38:04.148 [info] > git rev-parse --show-toplevel [1ms]
2023-12-06 21:38:04.152 [info] > git rev-parse --show-toplevel [1ms]
2023-12-06 21:38:04.155 [info] > git rev-parse --show-toplevel [0ms]
2023-12-06 21:38:04.159 [info] > git rev-parse --show-toplevel [1ms]
2023-12-06 21:38:04.165 [info] > git rev-parse --show-toplevel [3ms]
2023-12-06 21:38:04.169 [info] > git rev-parse --show-toplevel [0ms]
2023-12-06 21:38:04.172 [info] > git rev-parse --show-toplevel [0ms]
2023-12-06 21:38:04.176 [info] > git rev-parse --show-toplevel [1ms]
2023-12-06 21:38:04.180 [info] > git rev-parse --show-toplevel [1ms]
2023-12-06 21:38:04.183 [info] > git rev-parse --show-toplevel [0ms]
2023-12-06 21:38:04.187 [info] > git rev-parse --show-toplevel [1ms]
2023-12-06 21:38:04.191 [info] > git rev-parse --show-toplevel [1ms]
2023-12-06 21:38:04.194 [info] > git rev-parse --show-toplevel [0ms]
2023-12-06 21:38:04.198 [info] > git rev-parse --show-toplevel [1ms]
2023-12-06 21:38:04.202 [info] > git rev-parse --show-toplevel [1ms]
2023-12-06 21:38:04.205 [info] > git rev-parse --show-toplevel [1ms]
2023-12-06 21:38:04.211 [info] > git rev-parse --show-toplevel [1ms]
2023-12-06 21:38:04.215 [info] > git rev-parse --show-toplevel [1ms]
2023-12-06 21:38:04.219 [info] > git rev-parse --show-toplevel [0ms]
2023-12-06 21:38:04.222 [info] > git rev-parse --show-toplevel [1ms]
2023-12-06 21:38:04.226 [info] > git rev-parse --show-toplevel [1ms]
2023-12-06 21:38:04.229 [info] > git rev-parse --show-toplevel [0ms]
2023-12-06 21:38:04.233 [info] > git rev-parse --show-toplevel [1ms]
2023-12-06 21:38:04.237 [info] > git rev-parse --show-toplevel [1ms]
2023-12-06 21:38:04.240 [info] > git rev-parse --show-toplevel [0ms]
2023-12-06 21:38:04.244 [info] > git rev-parse --git-dir --git-common-dir [1ms]
2023-12-06 21:38:04.246 [info] Open repository: /root/ui/keycodemapdb
2023-12-06 21:38:04.254 [info] > git config --get commit.template [3ms]
2023-12-06 21:38:04.254 [info] > git for-each-ref --format %(refname) %(objectname) %(*objectname) refs/tags [1ms]
2023-12-06 21:38:04.258 [info] > git status -z -uall [1ms]
2023-12-06 21:38:04.268 [info] > git config --get commit.template [4ms]
2023-12-06 21:38:04.268 [info] > git for-each-ref --format %(refname) %(objectname) %(*objectname) refs/tags [0ms]
2023-12-06 21:38:04.272 [info] > git status -z -uall [1ms]
2023-12-06 21:38:04.513 [info] > git show --textconv :hw/virtio/tpm_virtio.c [5ms]
2023-12-06 21:38:04.514 [info] > git ls-files --stage -- /root/hw/virtio/tpm_virtio.c [2ms]
2023-12-06 21:38:04.631 [info] > git check-ignore -v -z --stdin [1ms]
2023-12-06 21:38:04.644 [info] > git check-ignore -v -z --stdin [18ms]
2023-12-06 21:38:24.963 [info] > git show --textconv :hw/virtio/tpm_virtio.h [4ms]
2023-12-06 21:38:24.964 [info] > git ls-files --stage -- /root/hw/virtio/tpm_virtio.h [2ms]
2023-12-06 21:42:38.251 [info] > git check-ignore -v -z --stdin [5ms]
2023-12-06 21:42:39.852 [info] > git check-ignore -v -z --stdin [4ms]
2023-12-06 21:42:39.853 [info] > git check-ignore -v -z --stdin [2ms]
2023-12-06 21:42:41.154 [info] > git check-ignore -v -z --stdin [2ms]
2023-12-06 21:42:41.942 [info] > git check-ignore -v -z --stdin [4ms]
2023-12-06 21:42:42.794 [info] > git check-ignore -v -z --stdin [2ms]
2023-12-06 21:42:43.592 [info] > git check-ignore -v -z --stdin [3ms]
2023-12-06 21:42:47.294 [info] > git show --textconv :hw/virtio/virtio-rng.c [4ms]
2023-12-06 21:42:47.295 [info] > git ls-files --stage -- /root/hw/virtio/virtio-rng.c [2ms]
2023-12-06 21:42:47.299 [info] > git cat-file -s 7e12fc03bfcca8bdc7e34ec34e3cb668d3b35ca3 [1ms]
2023-12-06 21:44:09.913 [info] > git check-ignore -v -z --stdin [4ms]
2023-12-06 21:44:11.401 [info] > git check-ignore -v -z --stdin [4ms]
2023-12-06 21:44:12.554 [info] > git check-ignore -v -z --stdin [6ms]
2023-12-06 21:44:15.487 [info] > git check-ignore -v -z --stdin [4ms]
2023-12-06 21:44:15.488 [info] > git check-ignore -v -z --stdin [2ms]
2023-12-06 21:44:22.182 [info] > git check-ignore -v -z --stdin [7ms]
2023-12-06 21:44:24.015 [info] > git check-ignore -v -z --stdin [4ms]
2023-12-06 21:44:27.064 [info] > git check-ignore -v -z --stdin [7ms]
2023-12-06 21:44:28.389 [info] > git check-ignore -v -z --stdin [4ms]
2023-12-06 21:44:29.310 [info] > git check-ignore -v -z --stdin [4ms]
2023-12-06 21:44:30.483 [info] > git check-ignore -v -z --stdin [2ms]
2023-12-06 21:44:32.493 [info] > git check-ignore -v -z --stdin [6ms]
2023-12-06 21:44:35.234 [info] > git show --textconv :include/hw/virtio/virtio-rng.h [4ms]
2023-12-06 21:44:35.236 [info] > git ls-files --stage -- /root/include/hw/virtio/virtio-rng.h [2ms]
2023-12-06 21:44:35.240 [info] > git cat-file -s 82734255d993841ca18acd17cb465aa17f68c6e7 [1ms]
2023-12-06 21:44:48.245 [info] > git show --textconv :hw/virtio/virtio-rng.c [4ms]
2023-12-06 21:44:48.247 [info] > git ls-files --stage -- /root/hw/virtio/virtio-rng.c [2ms]
2023-12-06 21:44:48.250 [info] > git cat-file -s 7e12fc03bfcca8bdc7e34ec34e3cb668d3b35ca3 [0ms]
2023-12-06 21:44:50.804 [info] > git show --textconv :hw/virtio/tpm_virtio.h [4ms]
2023-12-06 21:44:50.805 [info] > git ls-files --stage -- /root/hw/virtio/tpm_virtio.h [1ms]
2023-12-06 21:45:06.347 [info] > git show --textconv :hw/virtio/tpm_virtio.c [4ms]
2023-12-06 21:45:06.348 [info] > git ls-files --stage -- /root/hw/virtio/tpm_virtio.c [2ms]
2023-12-06 21:48:35.799 [info] > git show --textconv :hw/virtio/virtio-tpm-pci.h [4ms]
2023-12-06 21:48:35.800 [info] > git ls-files --stage -- /root/hw/virtio/virtio-tpm-pci.h [1ms]
2023-12-06 21:49:28.582 [info] > git show --textconv :hw/virtio/tpm_virtio.h [4ms]
2023-12-06 21:49:28.583 [info] > git ls-files --stage -- /root/hw/virtio/tpm_virtio.h [1ms]
2023-12-06 21:49:44.875 [info] > git show --textconv :hw/virtio/virtio-tpm-pci.h [4ms]
2023-12-06 21:49:44.876 [info] > git ls-files --stage -- /root/hw/virtio/virtio-tpm-pci.h [2ms]
2023-12-06 21:50:33.871 [info] > git show --textconv :include/qom/object.h [4ms]
2023-12-06 21:50:33.873 [info] > git ls-files --stage -- /root/include/qom/object.h [2ms]
2023-12-06 21:50:33.877 [info] > git cat-file -s ef7258a5e149f14b1fca3da1b3c6e2f1365c8f20 [1ms]
2023-12-06 21:50:34.476 [info] > git check-ignore -v -z --stdin [3ms]
2023-12-06 21:50:51.091 [info] > git show --textconv :hw/virtio/tpm_virtio.h [3ms]
2023-12-06 21:50:51.092 [info] > git ls-files --stage -- /root/hw/virtio/tpm_virtio.h [2ms]
2023-12-06 21:51:39.515 [info] > git show --textconv :hw/virtio/tpm_virtio.c [4ms]
2023-12-06 21:51:39.516 [info] > git ls-files --stage -- /root/hw/virtio/tpm_virtio.c [2ms]
2023-12-06 21:51:43.621 [info] > git show --textconv :hw/virtio/virtio-tpm-pci.c [4ms]
2023-12-06 21:51:43.622 [info] > git ls-files --stage -- /root/hw/virtio/virtio-tpm-pci.c [1ms]
2023-12-06 21:51:48.919 [info] > git show --textconv :hw/virtio/tpm_virtio.h [4ms]
2023-12-06 21:51:48.920 [info] > git ls-files --stage -- /root/hw/virtio/tpm_virtio.h [2ms]
2023-12-06 21:51:59.864 [info] > git show --textconv :include/standard-headers/linux/virtio_ids.h [3ms]
2023-12-06 21:51:59.866 [info] > git ls-files --stage -- /root/include/standard-headers/linux/virtio_ids.h [2ms]
2023-12-06 21:51:59.870 [info] > git cat-file -s 7aa2eb76620508fdc915533f74973d76308d3ef5 [1ms]
2023-12-06 21:52:00.051 [info] > git check-ignore -v -z --stdin [2ms]
2023-12-06 21:52:00.354 [info] > git show --textconv :hw/virtio/tpm_virtio.h [3ms]
2023-12-06 21:52:00.356 [info] > git ls-files --stage -- /root/hw/virtio/tpm_virtio.h [2ms]
2023-12-06 21:52:00.671 [info] > git check-ignore -v -z --stdin [6ms]
2023-12-06 21:53:02.293 [info] > git show --textconv :hw/virtio/virtio-rng.c [4ms]
2023-12-06 21:53:02.294 [info] > git ls-files --stage -- /root/hw/virtio/virtio-rng.c [2ms]
2023-12-06 21:53:02.298 [info] > git cat-file -s 7e12fc03bfcca8bdc7e34ec34e3cb668d3b35ca3 [1ms]
2023-12-06 21:53:28.701 [info] > git show --textconv :hw/virtio/virtio-scsi-pci.c [5ms]
2023-12-06 21:53:28.702 [info] > git ls-files --stage -- /root/hw/virtio/virtio-scsi-pci.c [2ms]
2023-12-06 21:53:28.706 [info] > git cat-file -s e8e3442f38287c6b8ad28ebee16ecac39d933a2c [1ms]
2023-12-06 21:53:36.761 [info] > git show --textconv :hw/virtio/virtio-serial-pci.c [4ms]
2023-12-06 21:53:36.763 [info] > git ls-files --stage -- /root/hw/virtio/virtio-serial-pci.c [2ms]
2023-12-06 21:53:36.766 [info] > git cat-file -s cea31adcc4c6f6d1bf02af7e8f4453f151302189 [0ms]
2023-12-06 21:53:37.451 [info] > git show --textconv :hw/virtio/virtio-tpm-pci.c [4ms]
2023-12-06 21:53:37.453 [info] > git ls-files --stage -- /root/hw/virtio/virtio-tpm-pci.c [2ms]
2023-12-06 21:53:40.804 [info] > git show --textconv :hw/virtio/virtio-tpm-pci.h [4ms]
2023-12-06 21:53:40.805 [info] > git ls-files --stage -- /root/hw/virtio/virtio-tpm-pci.h [1ms]
2023-12-06 21:54:02.770 [info] > git show --textconv :hw/virtio/tpm_virtio.h [4ms]
2023-12-06 21:54:02.771 [info] > git ls-files --stage -- /root/hw/virtio/tpm_virtio.h [1ms]
2023-12-06 21:54:25.415 [info] > git show --textconv :hw/virtio/virtio-tpm-pci.c [4ms]
2023-12-06 21:54:25.416 [info] > git ls-files --stage -- /root/hw/virtio/virtio-tpm-pci.c [2ms]
2023-12-06 21:54:26.413 [info] > git show --textconv :hw/virtio/virtio-tpm-pci.h [4ms]
2023-12-06 21:54:26.414 [info] > git ls-files --stage -- /root/hw/virtio/virtio-tpm-pci.h [2ms]
2023-12-06 21:54:34.309 [info] > git show --textconv :hw/virtio/tpm_virtio.c [4ms]
2023-12-06 21:54:34.310 [info] > git ls-files --stage -- /root/hw/virtio/tpm_virtio.c [1ms]
2023-12-06 21:54:35.671 [info] > git show --textconv :hw/virtio/tpm_virtio.h [4ms]
2023-12-06 21:54:35.672 [info] > git ls-files --stage -- /root/hw/virtio/tpm_virtio.h [2ms]
2023-12-06 21:55:24.353 [info] > git show --textconv :include/qom/object.h [4ms]
2023-12-06 21:55:24.354 [info] > git ls-files --stage -- /root/include/qom/object.h [1ms]
2023-12-06 21:55:24.358 [info] > git cat-file -s ef7258a5e149f14b1fca3da1b3c6e2f1365c8f20 [1ms]
2023-12-06 21:55:24.611 [info] > git check-ignore -v -z --stdin [2ms]
2023-12-06 21:55:31.779 [info] > git show --textconv :hw/virtio/tpm_virtio.h [4ms]
2023-12-06 21:55:31.780 [info] > git ls-files --stage -- /root/hw/virtio/tpm_virtio.h [1ms]
2023-12-06 21:55:40.852 [info] > git show --textconv :include/qom/object.h [4ms]
2023-12-06 21:55:40.853 [info] > git ls-files --stage -- /root/include/qom/object.h [1ms]
2023-12-06 21:55:40.858 [info] > git cat-file -s ef7258a5e149f14b1fca3da1b3c6e2f1365c8f20 [0ms]
2023-12-06 21:55:49.752 [info] > git show --textconv :hw/virtio/tpm_virtio.h [4ms]
2023-12-06 21:55:49.753 [info] > git ls-files --stage -- /root/hw/virtio/tpm_virtio.h [1ms]
2023-12-06 21:57:04.109 [info] > git show --textconv :hw/virtio/virtio-qmp.h [5ms]
2023-12-06 21:57:04.110 [info] > git ls-files --stage -- /root/hw/virtio/virtio-qmp.h [2ms]
2023-12-06 21:57:04.114 [info] > git cat-file -s 8af5f5e65a1a5cd2cbe1f88866ab8bc88ed65361 [1ms]
2023-12-06 21:57:11.994 [info] > git show --textconv :hw/virtio/virtio-qmp.c [4ms]
2023-12-06 21:57:11.995 [info] > git ls-files --stage -- /root/hw/virtio/virtio-qmp.c [2ms]
2023-12-06 21:57:11.999 [info] > git cat-file -s 3d7ce2ea2fb1679920e1363d93699533940938f0 [1ms]
2023-12-06 21:57:14.138 [info] > git show --textconv :hw/virtio/virtio-qmp.c [4ms]
2023-12-06 21:57:14.139 [info] > git ls-files --stage -- /root/hw/virtio/virtio-qmp.c [1ms]
2023-12-06 21:57:14.143 [info] > git cat-file -s 3d7ce2ea2fb1679920e1363d93699533940938f0 [1ms]
2023-12-06 21:57:49.038 [info] > git show --textconv :hw/virtio/virtio-input-pci.c [4ms]
2023-12-06 21:57:49.040 [info] > git ls-files --stage -- /root/hw/virtio/virtio-input-pci.c [2ms]
2023-12-06 21:57:49.044 [info] > git cat-file -s a9d0992389f298a5507344f2c1f3c1f45338a394 [0ms]
2023-12-06 22:06:47.052 [info] > git show --textconv :hw/virtio/tpm_virtio.c [4ms]
2023-12-06 22:06:47.054 [info] > git ls-files --stage -- /root/hw/virtio/tpm_virtio.c [1ms]
2023-12-06 22:06:56.114 [info] > git show --textconv :hw/virtio/virtio-tpm-pci.c [4ms]
2023-12-06 22:06:56.115 [info] > git ls-files --stage -- /root/hw/virtio/virtio-tpm-pci.c [1ms]
2023-12-06 22:07:01.278 [info] > git show --textconv :hw/virtio/tpm_virtio.c [4ms]
2023-12-06 22:07:01.279 [info] > git ls-files --stage -- /root/hw/virtio/tpm_virtio.c [2ms]
2023-12-06 22:08:56.960 [info] > git show --textconv :hw/virtio/virtio-tpm-pci.c [4ms]
2023-12-06 22:08:56.962 [info] > git ls-files --stage -- /root/hw/virtio/virtio-tpm-pci.c [2ms]
2023-12-06 22:09:00.528 [info] > git show --textconv :hw/virtio/virtio-tpm-pci.h [3ms]
2023-12-06 22:09:00.530 [info] > git ls-files --stage -- /root/hw/virtio/virtio-tpm-pci.h [2ms]
2023-12-06 22:09:02.283 [info] > git show --textconv :hw/virtio/virtio-tpm-pci.c [3ms]
2023-12-06 22:09:02.285 [info] > git ls-files --stage -- /root/hw/virtio/virtio-tpm-pci.c [2ms]
2023-12-06 22:09:08.975 [info] > git show --textconv :hw/virtio/virtio-tpm-pci.h [4ms]
2023-12-06 22:09:08.976 [info] > git ls-files --stage -- /root/hw/virtio/virtio-tpm-pci.h [2ms]
2023-12-06 22:09:11.872 [info] > git show --textconv :hw/virtio/virtio-tpm-pci.c [3ms]
2023-12-06 22:09:11.874 [info] > git ls-files --stage -- /root/hw/virtio/virtio-tpm-pci.c [2ms]
2023-12-06 22:09:12.896 [info] > git show --textconv :hw/virtio/virtio-tpm-pci.h [4ms]
2023-12-06 22:09:12.897 [info] > git ls-files --stage -- /root/hw/virtio/virtio-tpm-pci.h [2ms]
2023-12-06 22:09:15.976 [info] > git show --textconv :hw/virtio/virtio-tpm-pci.c [4ms]
2023-12-06 22:09:15.977 [info] > git ls-files --stage -- /root/hw/virtio/virtio-tpm-pci.c [2ms]
2023-12-06 22:32:56.272 [info] > git show --textconv :hw/virtio/virtio-tpm-pci.c [3ms]
2023-12-06 22:32:56.274 [info] > git ls-files --stage -- /root/hw/virtio/virtio-tpm-pci.c [2ms]
2023-12-06 22:33:45.154 [info] > git show --textconv :hw/virtio/virtio-tpm-pci.h [4ms]
2023-12-06 22:33:45.156 [info] > git ls-files --stage -- /root/hw/virtio/virtio-tpm-pci.h [1ms]
2023-12-06 22:34:25.760 [info] > git show --textconv :hw/virtio/tpm_virtio.c [4ms]
2023-12-06 22:34:25.761 [info] > git ls-files --stage -- /root/hw/virtio/tpm_virtio.c [2ms]
2023-12-06 22:34:29.890 [info] > git show --textconv :hw/virtio/tpm_virtio.h [4ms]
2023-12-06 22:34:29.891 [info] > git ls-files --stage -- /root/hw/virtio/tpm_virtio.h [2ms]
2023-12-06 22:37:29.719 [info] > git show --textconv :include/sysemu/tpm_backend.h [4ms]
2023-12-06 22:37:29.720 [info] > git ls-files --stage -- /root/include/sysemu/tpm_backend.h [1ms]
2023-12-06 22:37:29.724 [info] > git cat-file -s 8fd3269c1178ae0ad255b4b73b8c43226bd51fad [1ms]
2023-12-06 22:37:29.787 [info] > git check-ignore -v -z --stdin [2ms]
2023-12-06 22:37:30.336 [info] > git check-ignore -v -z --stdin [6ms]
2023-12-06 22:37:37.491 [info] > git show --textconv :hw/virtio/tpm_virtio.h [4ms]
2023-12-06 22:37:37.493 [info] > git ls-files --stage -- /root/hw/virtio/tpm_virtio.h [2ms]
2023-12-06 22:38:42.468 [info] > git show --textconv :hw/virtio/tpm_virtio.c [3ms]
2023-12-06 22:38:42.469 [info] > git ls-files --stage -- /root/hw/virtio/tpm_virtio.c [2ms]
2023-12-06 22:56:06.108 [info] > git show --textconv :hw/virtio/tpm_virtio.h [4ms]
2023-12-06 22:56:06.109 [info] > git ls-files --stage -- /root/hw/virtio/tpm_virtio.h [1ms]
2023-12-06 22:56:11.846 [info] > git show --textconv :hw/virtio/virtio-tpm-pci.c [4ms]
2023-12-06 22:56:11.847 [info] > git ls-files --stage -- /root/hw/virtio/virtio-tpm-pci.c [1ms]
2023-12-06 22:56:15.536 [info] > git show --textconv :hw/virtio/virtio-tpm-pci.h [4ms]
2023-12-06 22:56:15.537 [info] > git ls-files --stage -- /root/hw/virtio/virtio-tpm-pci.h [1ms]
2023-12-06 22:56:30.550 [info] > git show --textconv :hw/virtio/virtio-tpm-pci.c [3ms]
2023-12-06 22:56:30.552 [info] > git ls-files --stage -- /root/hw/virtio/virtio-tpm-pci.c [2ms]
2023-12-06 22:56:43.790 [info] > git show --textconv :hw/virtio/virtio-tpm-pci.h [3ms]
2023-12-06 22:56:43.792 [info] > git ls-files --stage -- /root/hw/virtio/virtio-tpm-pci.h [2ms]
2023-12-06 22:56:44.600 [info] > git show --textconv :hw/virtio/virtio-tpm-pci.c [4ms]
2023-12-06 22:56:44.601 [info] > git ls-files --stage -- /root/hw/virtio/virtio-tpm-pci.c [2ms]
2023-12-06 23:01:07.316 [info] > git show --textconv :hw/virtio/tpm_virtio.c [4ms]
2023-12-06 23:01:07.318 [info] > git ls-files --stage -- /root/hw/virtio/tpm_virtio.c [2ms]
2023-12-06 23:01:22.619 [info] > git show --textconv :hw/virtio/tpm_virtio.h [4ms]
2023-12-06 23:01:22.620 [info] > git ls-files --stage -- /root/hw/virtio/tpm_virtio.h [2ms]
2023-12-06 23:19:55.209 [info] > git show --textconv :hw/virtio/tpm_virtio.c [4ms]
2023-12-06 23:19:55.210 [info] > git ls-files --stage -- /root/hw/virtio/tpm_virtio.c [2ms]
2023-12-06 23:22:41.723 [info] > git show --textconv :include/sysemu/tpm.h [4ms]
2023-12-06 23:22:41.724 [info] > git ls-files --stage -- /root/include/sysemu/tpm.h [1ms]
2023-12-06 23:22:41.728 [info] > git cat-file -s fb40e30ff60e1f4e0a595c04e4f91d98a237bd1f [1ms]
2023-12-06 23:23:00.247 [info] > git show --textconv :hw/virtio/tpm_virtio.c [4ms]
2023-12-06 23:23:00.248 [info] > git ls-files --stage -- /root/hw/virtio/tpm_virtio.c [2ms]
2023-12-06 23:23:01.934 [info] > git show --textconv :include/sysemu/tpm_backend.h [4ms]
2023-12-06 23:23:01.935 [info] > git ls-files --stage -- /root/include/sysemu/tpm_backend.h [1ms]
2023-12-06 23:23:01.939 [info] > git cat-file -s 8fd3269c1178ae0ad255b4b73b8c43226bd51fad [1ms]
2023-12-06 23:23:04.875 [info] > git show --textconv :hw/virtio/tpm_virtio.h [4ms]
2023-12-06 23:23:04.876 [info] > git ls-files --stage -- /root/hw/virtio/tpm_virtio.h [1ms]
2023-12-06 23:23:10.173 [info] > git show --textconv :hw/virtio/tpm_virtio.c [3ms]
2023-12-06 23:23:10.175 [info] > git ls-files --stage -- /root/hw/virtio/tpm_virtio.c [2ms]
2023-12-06 23:24:35.518 [info] > git show --textconv :include/sysemu/tpm.h [4ms]
2023-12-06 23:24:35.519 [info] > git ls-files --stage -- /root/include/sysemu/tpm.h [1ms]
2023-12-06 23:24:35.523 [info] > git cat-file -s fb40e30ff60e1f4e0a595c04e4f91d98a237bd1f [1ms]
2023-12-06 23:25:02.674 [info] > git show --textconv :hw/virtio/tpm_virtio.c [4ms]
2023-12-06 23:25:02.675 [info] > git ls-files --stage -- /root/hw/virtio/tpm_virtio.c [1ms]
2023-12-06 23:25:39.545 [info] > git show --textconv :include/sysemu/tpm.h [3ms]
2023-12-06 23:25:39.547 [info] > git ls-files --stage -- /root/include/sysemu/tpm.h [2ms]
2023-12-06 23:25:39.551 [info] > git cat-file -s fb40e30ff60e1f4e0a595c04e4f91d98a237bd1f [1ms]
2023-12-06 23:27:55.598 [info] > git show --textconv :build/qapi/qapi-types-tpm.c [4ms]
2023-12-06 23:27:55.599 [info] > git ls-files --stage -- /root/build/qapi/qapi-types-tpm.c [1ms]
2023-12-06 23:27:55.702 [info] > git check-ignore -v -z --stdin [2ms]
2023-12-06 23:27:56.285 [info] > git check-ignore -v -z --stdin [18ms]
2023-12-06 23:28:17.128 [info] > git show --textconv :build/qapi/qapi-types-tpm.h [4ms]
2023-12-06 23:28:17.129 [info] > git ls-files --stage -- /root/build/qapi/qapi-types-tpm.h [1ms]
2023-12-06 23:28:41.002 [info] > git show --textconv :build/qapi/qapi-types-tpm.c [4ms]
2023-12-06 23:28:41.003 [info] > git ls-files --stage -- /root/build/qapi/qapi-types-tpm.c [2ms]
2023-12-06 23:29:32.228 [info] > git check-ignore -v -z --stdin [2ms]
2023-12-06 23:29:32.247 [info] > git show --textconv :hw/tpm/tpm_tis_isa.c [3ms]
2023-12-06 23:29:32.249 [info] > git ls-files --stage -- /root/hw/tpm/tpm_tis_isa.c [2ms]
2023-12-06 23:29:32.252 [info] > git cat-file -s 91e37922484b8106617f29cc315d4fe6d4e2107b [0ms]
2023-12-06 23:29:32.742 [info] > git check-ignore -v -z --stdin [3ms]
2023-12-06 23:29:56.785 [info] > git show --textconv :hw/virtio/tpm_virtio.c [4ms]
2023-12-06 23:29:56.787 [info] > git ls-files --stage -- /root/hw/virtio/tpm_virtio.c [2ms]
2023-12-06 23:33:26.208 [info] > git show --textconv :build/qapi/qapi-types-tpm.c [4ms]
2023-12-06 23:33:26.209 [info] > git ls-files --stage -- /root/build/qapi/qapi-types-tpm.c [2ms]
2023-12-06 23:33:32.214 [info] > git show --textconv :hw/tpm/tpm_tis_isa.c [4ms]
2023-12-06 23:33:32.215 [info] > git ls-files --stage -- /root/hw/tpm/tpm_tis_isa.c [1ms]
2023-12-06 23:33:32.219 [info] > git cat-file -s 91e37922484b8106617f29cc315d4fe6d4e2107b [1ms]
2023-12-06 23:34:04.278 [info] > git show --textconv :include/sysemu/tpm.h [3ms]
2023-12-06 23:34:04.280 [info] > git ls-files --stage -- /root/include/sysemu/tpm.h [2ms]
2023-12-06 23:34:04.283 [info] > git cat-file -s fb40e30ff60e1f4e0a595c04e4f91d98a237bd1f [0ms]
2023-12-06 23:34:08.236 [info] > git show --textconv :hw/virtio/tpm_virtio.c [3ms]
2023-12-06 23:34:08.237 [info] > git ls-files --stage -- /root/hw/virtio/tpm_virtio.c [2ms]
2023-12-06 23:34:21.660 [info] > git show --textconv :build/qapi/qapi-types-tpm.c [4ms]
2023-12-06 23:34:21.661 [info] > git ls-files --stage -- /root/build/qapi/qapi-types-tpm.c [1ms]
2023-12-06 23:34:23.830 [info] > git show --textconv :hw/tpm/tpm_tis_isa.c [4ms]
2023-12-06 23:34:23.831 [info] > git ls-files --stage -- /root/hw/tpm/tpm_tis_isa.c [1ms]
2023-12-06 23:34:23.835 [info] > git cat-file -s 91e37922484b8106617f29cc315d4fe6d4e2107b [1ms]
2023-12-06 23:34:26.646 [info] > git show --textconv :include/sysemu/tpm.h [3ms]
2023-12-06 23:34:26.648 [info] > git ls-files --stage -- /root/include/sysemu/tpm.h [2ms]
2023-12-06 23:34:26.652 [info] > git cat-file -s fb40e30ff60e1f4e0a595c04e4f91d98a237bd1f [1ms]
2023-12-06 23:34:35.401 [info] > git show --textconv :hw/virtio/tpm_virtio.c [3ms]
2023-12-06 23:34:35.403 [info] > git ls-files --stage -- /root/hw/virtio/tpm_virtio.c [2ms]
2023-12-06 23:34:39.795 [info] > git show --textconv :hw/tpm/tpm_tis_isa.c [4ms]
2023-12-06 23:34:39.797 [info] > git ls-files --stage -- /root/hw/tpm/tpm_tis_isa.c [2ms]
2023-12-06 23:34:39.800 [info] > git cat-file -s 91e37922484b8106617f29cc315d4fe6d4e2107b [0ms]
2023-12-06 23:35:41.973 [info] > git show --textconv :hw/virtio/tpm_virtio.c [3ms]
2023-12-06 23:35:41.975 [info] > git ls-files --stage -- /root/hw/virtio/tpm_virtio.c [2ms]
2023-12-06 23:37:55.175 [info] > git show --textconv :build/qapi/qapi-types-tpm.c [4ms]
2023-12-06 23:37:55.177 [info] > git ls-files --stage -- /root/build/qapi/qapi-types-tpm.c [2ms]
2023-12-06 23:38:18.417 [info] > git show --textconv :hw/tpm/tpm_tis_isa.c [4ms]
2023-12-06 23:38:18.418 [info] > git ls-files --stage -- /root/hw/tpm/tpm_tis_isa.c [2ms]
2023-12-06 23:38:18.422 [info] > git cat-file -s 91e37922484b8106617f29cc315d4fe6d4e2107b [1ms]
2023-12-06 23:38:25.705 [info] > git show --textconv :build/qapi/qapi-types-tpm.c [4ms]
2023-12-06 23:38:25.706 [info] > git ls-files --stage -- /root/build/qapi/qapi-types-tpm.c [2ms]
2023-12-06 23:38:28.441 [info] > git show --textconv :build/qapi/qapi-types-tpm.h [4ms]
2023-12-06 23:38:28.442 [info] > git ls-files --stage -- /root/build/qapi/qapi-types-tpm.h [2ms]
2023-12-06 23:39:42.174 [info] > git show --textconv :hw/tpm/tpm_tis_isa.c [3ms]
2023-12-06 23:39:42.175 [info] > git ls-files --stage -- /root/hw/tpm/tpm_tis_isa.c [2ms]
2023-12-06 23:39:42.179 [info] > git cat-file -s 91e37922484b8106617f29cc315d4fe6d4e2107b [1ms]
2023-12-06 23:39:43.413 [info] > git show --textconv :build/qapi/qapi-types-tpm.h [3ms]
2023-12-06 23:39:43.415 [info] > git ls-files --stage -- /root/build/qapi/qapi-types-tpm.h [2ms]
2023-12-06 23:39:43.761 [info] > git check-ignore -v -z --stdin [1ms]
2023-12-06 23:39:49.209 [info] > git show --textconv :build/qapi/qapi-types-tpm.c [4ms]
2023-12-06 23:39:49.210 [info] > git ls-files --stage -- /root/build/qapi/qapi-types-tpm.c [1ms]
2023-12-06 23:39:53.502 [info] > git show --textconv :build/qapi/qapi-types-tpm.h [3ms]
2023-12-06 23:39:53.504 [info] > git ls-files --stage -- /root/build/qapi/qapi-types-tpm.h [2ms]
2023-12-06 23:40:31.821 [info] > git show --textconv :build/qapi/qapi-types-tpm.c [3ms]
2023-12-06 23:40:31.823 [info] > git ls-files --stage -- /root/build/qapi/qapi-types-tpm.c [2ms]
2023-12-06 23:40:33.672 [info] > git show --textconv :build/qapi/qapi-types-tpm.h [5ms]
2023-12-06 23:40:33.673 [info] > git ls-files --stage -- /root/build/qapi/qapi-types-tpm.h [1ms]
2023-12-06 23:40:37.782 [info] > git show --textconv :build/qapi/qapi-types-tpm.c [4ms]
2023-12-06 23:40:37.784 [info] > git ls-files --stage -- /root/build/qapi/qapi-types-tpm.c [2ms]
2023-12-06 23:40:40.389 [info] > git show --textconv :build/qapi/qapi-types-tpm.h [3ms]
2023-12-06 23:40:40.391 [info] > git ls-files --stage -- /root/build/qapi/qapi-types-tpm.h [2ms]
2023-12-06 23:40:47.428 [info] > git show --textconv :build/qapi/qapi-types-tpm.h [4ms]
2023-12-06 23:40:47.429 [info] > git ls-files --stage -- /root/build/qapi/qapi-types-tpm.h [1ms]
2023-12-06 23:42:54.712 [info] > git show --textconv :qapi/tpm.json [4ms]
2023-12-06 23:42:54.714 [info] > git ls-files --stage -- /root/qapi/tpm.json [2ms]
2023-12-06 23:42:54.719 [info] > git cat-file -s 4e2ea9756a6315ed3908f783360bb74539991456 [2ms]
2023-12-06 23:42:55.200 [info] > git check-ignore -v -z --stdin [7ms]
2023-12-06 23:43:02.635 [info] > git show --textconv :qapi/qom.json [4ms]
2023-12-06 23:43:02.636 [info] > git ls-files --stage -- /root/qapi/qom.json [1ms]
2023-12-06 23:43:02.641 [info] > git cat-file -s a877b879b93c36c0be86c6c7a69a067b605e54b6 [1ms]
2023-12-06 23:43:07.687 [info] > git show --textconv :qapi/tpm.json [4ms]
2023-12-06 23:43:07.688 [info] > git ls-files --stage -- /root/qapi/tpm.json [2ms]
2023-12-06 23:43:07.692 [info] > git cat-file -s 4e2ea9756a6315ed3908f783360bb74539991456 [1ms]
2023-12-06 23:43:50.441 [info] > git show --textconv :build/qapi/qapi-types-tpm.h [4ms]
2023-12-06 23:43:50.442 [info] > git ls-files --stage -- /root/build/qapi/qapi-types-tpm.h [1ms]
2023-12-06 23:45:17.314 [info] > git show --textconv :hw/tpm/tpm_tis_isa.c [4ms]
2023-12-06 23:45:17.316 [info] > git ls-files --stage -- /root/hw/tpm/tpm_tis_isa.c [2ms]
2023-12-06 23:45:17.320 [info] > git cat-file -s 91e37922484b8106617f29cc315d4fe6d4e2107b [1ms]
2023-12-06 23:45:18.563 [info] > git show --textconv :build/qapi/qapi-types-tpm.h [4ms]
2023-12-06 23:45:18.564 [info] > git ls-files --stage -- /root/build/qapi/qapi-types-tpm.h [2ms]
2023-12-06 23:45:18.992 [info] > git check-ignore -v -z --stdin [10ms]
2023-12-06 23:45:21.086 [info] > git show --textconv :build/qapi/qapi-types-tpm.c [4ms]
2023-12-06 23:45:21.087 [info] > git ls-files --stage -- /root/build/qapi/qapi-types-tpm.c [2ms]
2023-12-06 23:45:25.051 [info] > git show --textconv :build/qapi/qapi-types-tpm.h [4ms]
2023-12-06 23:45:25.052 [info] > git ls-files --stage -- /root/build/qapi/qapi-types-tpm.h [2ms]
2023-12-06 23:45:28.825 [info] > git show --textconv :build/qapi/qapi-types-tpm.c [4ms]
2023-12-06 23:45:28.826 [info] > git ls-files --stage -- /root/build/qapi/qapi-types-tpm.c [2ms]
2023-12-06 23:45:38.022 [info] > git show --textconv :hw/tpm/tpm_tis_isa.c [4ms]
2023-12-06 23:45:38.024 [info] > git ls-files --stage -- /root/hw/tpm/tpm_tis_isa.c [2ms]
2023-12-06 23:45:38.028 [info] > git cat-file -s 91e37922484b8106617f29cc315d4fe6d4e2107b [1ms]
2023-12-06 23:45:54.786 [info] > git show --textconv :hw/virtio/virtio-tpm-pci.c [4ms]
2023-12-06 23:45:54.788 [info] > git ls-files --stage -- /root/hw/virtio/virtio-tpm-pci.c [2ms]
2023-12-06 23:45:57.087 [info] > git show --textconv :hw/virtio/tpm_virtio.c [4ms]
2023-12-06 23:45:57.089 [info] > git ls-files --stage -- /root/hw/virtio/tpm_virtio.c [2ms]
2023-12-06 23:47:48.554 [info] > git show --textconv :hw/virtio/tpm_virtio.h [4ms]
2023-12-06 23:47:48.556 [info] > git ls-files --stage -- /root/hw/virtio/tpm_virtio.h [1ms]
2023-12-06 23:47:52.538 [info] > git show --textconv :hw/virtio/tpm_virtio.c [4ms]
2023-12-06 23:47:52.539 [info] > git ls-files --stage -- /root/hw/virtio/tpm_virtio.c [1ms]
2023-12-06 23:49:16.584 [info] > git show --textconv :include/sysemu/tpm.h [4ms]
2023-12-06 23:49:16.585 [info] > git ls-files --stage -- /root/include/sysemu/tpm.h [1ms]
2023-12-06 23:49:16.589 [info] > git cat-file -s fb40e30ff60e1f4e0a595c04e4f91d98a237bd1f [1ms]
2023-12-06 23:49:16.925 [info] > git check-ignore -v -z --stdin [3ms]
2023-12-06 23:49:19.260 [info] > git show --textconv :build/qapi/qapi-types-tpm.c [4ms]
2023-12-06 23:49:19.261 [info] > git ls-files --stage -- /root/build/qapi/qapi-types-tpm.c [1ms]
2023-12-06 23:49:20.741 [info] > git show --textconv :hw/virtio/tpm_virtio.c [4ms]
2023-12-06 23:49:20.742 [info] > git ls-files --stage -- /root/hw/virtio/tpm_virtio.c [2ms]
2023-12-06 23:49:23.717 [info] > git show --textconv :hw/virtio/tpm_virtio.h [4ms]
2023-12-06 23:49:23.717 [info] > git ls-files --stage -- /root/hw/virtio/tpm_virtio.h [1ms]
2023-12-06 23:49:25.548 [info] > git show --textconv :include/sysemu/tpm_backend.h [4ms]
2023-12-06 23:49:25.549 [info] > git ls-files --stage -- /root/include/sysemu/tpm_backend.h [2ms]
2023-12-06 23:49:25.552 [info] > git cat-file -s 8fd3269c1178ae0ad255b4b73b8c43226bd51fad [0ms]
2023-12-06 23:50:11.537 [info] > git show --textconv :hw/virtio/tpm_virtio.h [4ms]
2023-12-06 23:50:11.538 [info] > git ls-files --stage -- /root/hw/virtio/tpm_virtio.h [2ms]
2023-12-06 23:50:26.345 [info] > git show --textconv :hw/virtio/tpm_virtio.c [4ms]
2023-12-06 23:50:26.346 [info] > git ls-files --stage -- /root/hw/virtio/tpm_virtio.c [2ms]
2023-12-06 23:53:45.825 [info] > git show --textconv :hw/virtio/tpm_virtio.h [4ms]
2023-12-06 23:53:45.826 [info] > git ls-files --stage -- /root/hw/virtio/tpm_virtio.h [2ms]
2023-12-07 00:27:55.799 [info] > git show --textconv :include/qom/object.h [4ms]
2023-12-07 00:27:55.800 [info] > git ls-files --stage -- /root/include/qom/object.h [1ms]
2023-12-07 00:27:55.804 [info] > git cat-file -s ef7258a5e149f14b1fca3da1b3c6e2f1365c8f20 [1ms]
2023-12-07 00:32:27.495 [info] > git show --textconv :hw/virtio/virtio-tpm-pci.c [5ms]
2023-12-07 00:32:27.496 [info] > git ls-files --stage -- /root/hw/virtio/virtio-tpm-pci.c [2ms]
2023-12-07 00:32:32.410 [info] > git show --textconv :hw/virtio/tpm_virtio.c [4ms]
2023-12-07 00:32:32.411 [info] > git ls-files --stage -- /root/hw/virtio/tpm_virtio.c [2ms]
2023-12-07 00:32:36.810 [info] > git show --textconv :hw/virtio/tpm_virtio.h [4ms]
2023-12-07 00:32:36.812 [info] > git ls-files --stage -- /root/hw/virtio/tpm_virtio.h [2ms]
2023-12-07 00:32:58.329 [info] > git show --textconv :hw/virtio/virtio-rng.c [4ms]
2023-12-07 00:32:58.330 [info] > git ls-files --stage -- /root/hw/virtio/virtio-rng.c [1ms]
2023-12-07 00:32:58.335 [info] > git cat-file -s 7e12fc03bfcca8bdc7e34ec34e3cb668d3b35ca3 [1ms]
2023-12-07 00:33:38.870 [info] > git show --textconv :hw/virtio/virtio-tpm-pci.c [4ms]
2023-12-07 00:33:38.872 [info] > git ls-files --stage -- /root/hw/virtio/virtio-tpm-pci.c [1ms]
2023-12-07 00:33:57.465 [info] > git show --textconv :hw/virtio/tpm_virtio.c [4ms]
2023-12-07 00:33:57.466 [info] > git ls-files --stage -- /root/hw/virtio/tpm_virtio.c [2ms]
2023-12-07 00:34:23.581 [info] > git show --textconv :hw/virtio/tpm_virtio.h [4ms]
2023-12-07 00:34:23.582 [info] > git ls-files --stage -- /root/hw/virtio/tpm_virtio.h [1ms]
2023-12-07 00:35:20.414 [info] > git show --textconv :hw/s390x/vhost-user-fs-ccw.c [5ms]
2023-12-07 00:35:20.415 [info] > git ls-files --stage -- /root/hw/s390x/vhost-user-fs-ccw.c [2ms]
2023-12-07 00:35:20.418 [info] > git cat-file -s 6c6f2692930110aebf8038061b259407238942bf [0ms]
2023-12-07 00:35:20.484 [info] > git check-ignore -v -z --stdin [2ms]
2023-12-07 00:35:21.216 [info] > git check-ignore -v -z --stdin [7ms]
2023-12-07 00:35:58.983 [info] > git show --textconv :hw/virtio/tpm_virtio.c [4ms]
2023-12-07 00:35:58.985 [info] > git ls-files --stage -- /root/hw/virtio/tpm_virtio.c [1ms]
2023-12-07 00:36:02.195 [info] > git show --textconv :hw/virtio/tpm_virtio.h [5ms]
2023-12-07 00:36:02.196 [info] > git ls-files --stage -- /root/hw/virtio/tpm_virtio.h [2ms]
2023-12-07 00:38:11.443 [info] > git show --textconv :hw/virtio/tpm_virtio.c [4ms]
2023-12-07 00:38:11.444 [info] > git ls-files --stage -- /root/hw/virtio/tpm_virtio.c [2ms]
2023-12-07 00:38:20.256 [info] > git show --textconv :hw/virtio/tpm_virtio.h [3ms]
2023-12-07 00:38:20.258 [info] > git ls-files --stage -- /root/hw/virtio/tpm_virtio.h [2ms]
2023-12-07 00:42:47.518 [info] > git show --textconv :hw/virtio/virtio-rng.c [4ms]
2023-12-07 00:42:47.519 [info] > git ls-files --stage -- /root/hw/virtio/virtio-rng.c [2ms]
2023-12-07 00:42:47.523 [info] > git cat-file -s 7e12fc03bfcca8bdc7e34ec34e3cb668d3b35ca3 [1ms]
2023-12-07 00:43:04.002 [info] > git show --textconv :hw/virtio/virtio-rng-pci.c [4ms]
2023-12-07 00:43:04.003 [info] > git ls-files --stage -- /root/hw/virtio/virtio-rng-pci.c [1ms]
2023-12-07 00:43:04.007 [info] > git cat-file -s 6e76f8b57beb3e138f35812b32e3d9af40eb006c [0ms]
2023-12-07 00:43:26.398 [info] > git show --textconv :hw/s390x/vhost-user-fs-ccw.c [4ms]
2023-12-07 00:43:26.399 [info] > git ls-files --stage -- /root/hw/s390x/vhost-user-fs-ccw.c [1ms]
2023-12-07 00:43:26.403 [info] > git cat-file -s 6c6f2692930110aebf8038061b259407238942bf [1ms]
2023-12-07 00:43:27.818 [info] > git show --textconv :hw/virtio/tpm_virtio.h [4ms]
2023-12-07 00:43:27.819 [info] > git ls-files --stage -- /root/hw/virtio/tpm_virtio.h [2ms]
2023-12-07 00:43:29.845 [info] > git show --textconv :hw/virtio/tpm_virtio.c [4ms]
2023-12-07 00:43:29.846 [info] > git ls-files --stage -- /root/hw/virtio/tpm_virtio.c [2ms]
2023-12-07 00:43:52.792 [info] > git show --textconv :hw/virtio/tpm_virtio.h [4ms]
2023-12-07 00:43:52.793 [info] > git ls-files --stage -- /root/hw/virtio/tpm_virtio.h [1ms]
2023-12-07 00:44:04.174 [info] > git show --textconv :hw/virtio/tpm_virtio.c [4ms]
2023-12-07 00:44:04.175 [info] > git ls-files --stage -- /root/hw/virtio/tpm_virtio.c [2ms]
2023-12-07 00:44:04.998 [info] > git show --textconv :hw/virtio/virtio-rng-pci.c [5ms]
2023-12-07 00:44:04.998 [info] > git ls-files --stage -- /root/hw/virtio/virtio-rng-pci.c [1ms]
2023-12-07 00:44:05.002 [info] > git cat-file -s 6e76f8b57beb3e138f35812b32e3d9af40eb006c [1ms]
2023-12-07 00:44:11.372 [info] > git show --textconv :hw/virtio/tpm_virtio.h [5ms]
2023-12-07 00:44:11.373 [info] > git ls-files --stage -- /root/hw/virtio/tpm_virtio.h [1ms]
2023-12-07 00:53:21.576 [info] > git show --textconv :hw/ppc/ppc405.h [4ms]
2023-12-07 00:53:21.577 [info] > git ls-files --stage -- /root/hw/ppc/ppc405.h [1ms]
2023-12-07 00:53:21.582 [info] > git cat-file -s 9a4312691e15a2176b552e70f4784cdd29737fae [0ms]
2023-12-07 00:53:21.714 [info] > git check-ignore -v -z --stdin [1ms]
2023-12-07 00:53:22.246 [info] > git check-ignore -v -z --stdin [8ms]
2023-12-07 00:54:07.968 [info] > git show --textconv :hw/virtio/tpm_virtio.h [4ms]
2023-12-07 00:54:07.969 [info] > git ls-files --stage -- /root/hw/virtio/tpm_virtio.h [1ms]
2023-12-07 00:55:16.146 [info] > git show --textconv :hw/ppc/ppc405.h [4ms]
2023-12-07 00:55:16.148 [info] > git ls-files --stage -- /root/hw/ppc/ppc405.h [2ms]
2023-12-07 00:55:16.152 [info] > git cat-file -s 9a4312691e15a2176b552e70f4784cdd29737fae [1ms]
2023-12-07 00:55:16.458 [info] > git check-ignore -v -z --stdin [2ms]
2023-12-07 00:58:14.548 [info] > git show --textconv :build/qapi/qapi-types-qom.c [4ms]
2023-12-07 00:58:14.549 [info] > git ls-files --stage -- /root/build/qapi/qapi-types-qom.c [2ms]
2023-12-07 00:58:14.873 [info] > git check-ignore -v -z --stdin [4ms]
2023-12-07 00:58:37.114 [info] > git check-ignore -v -z --stdin [4ms]
2023-12-07 00:58:38.669 [info] > git check-ignore -v -z --stdin [9ms]
2023-12-07 01:00:37.430 [info] > git show --textconv :hw/virtio/tpm_virtio.h [4ms]
2023-12-07 01:00:37.432 [info] > git ls-files --stage -- /root/hw/virtio/tpm_virtio.h [2ms]
2023-12-07 01:02:11.695 [info] > git show --textconv :include/qom/object.h [8ms]
2023-12-07 01:02:11.699 [info] > git ls-files --stage -- /root/include/qom/object.h [4ms]
2023-12-07 01:02:11.712 [info] > git cat-file -s ef7258a5e149f14b1fca3da1b3c6e2f1365c8f20 [1ms]
2023-12-07 01:02:27.430 [info] > git show --textconv :include/standard-headers/linux/virtio_ids.h [4ms]
2023-12-07 01:02:27.432 [info] > git ls-files --stage -- /root/include/standard-headers/linux/virtio_ids.h [2ms]
2023-12-07 01:02:27.436 [info] > git cat-file -s 7aa2eb76620508fdc915533f74973d76308d3ef5 [1ms]
2023-12-07 01:02:27.722 [info] > git check-ignore -v -z --stdin [3ms]
2023-12-07 01:02:56.716 [info] > git show --textconv :hw/virtio/tpm_virtio.c [3ms]
2023-12-07 01:02:56.718 [info] > git ls-files --stage -- /root/hw/virtio/tpm_virtio.c [2ms]
2023-12-07 01:08:36.620 [info] > git show --textconv :include/hw/pci/pci.h [4ms]
2023-12-07 01:08:36.622 [info] > git ls-files --stage -- /root/include/hw/pci/pci.h [2ms]
2023-12-07 01:08:36.626 [info] > git cat-file -s 6dc6742fc403d7af2d02b0fc8073a07f0d4ba1d9 [1ms]
2023-12-07 01:08:36.718 [info] > git check-ignore -v -z --stdin [2ms]
2023-12-07 01:08:37.477 [info] > git check-ignore -v -z --stdin [4ms]
2023-12-07 01:08:58.471 [info] > git show --textconv :hw/virtio/virtio-tpm-pci.c [5ms]
2023-12-07 01:08:58.472 [info] > git ls-files --stage -- /root/hw/virtio/virtio-tpm-pci.c [2ms]
2023-12-07 01:10:07.184 [info] > git show --textconv :include/hw/pci/pci.h [3ms]
2023-12-07 01:10:07.186 [info] > git ls-files --stage -- /root/include/hw/pci/pci.h [2ms]
2023-12-07 01:10:07.190 [info] > git cat-file -s 6dc6742fc403d7af2d02b0fc8073a07f0d4ba1d9 [1ms]
2023-12-07 01:13:13.977 [info] > git show --textconv :include/qom/object.h [4ms]
2023-12-07 01:13:13.978 [info] > git ls-files --stage -- /root/include/qom/object.h [2ms]
2023-12-07 01:13:13.982 [info] > git cat-file -s ef7258a5e149f14b1fca3da1b3c6e2f1365c8f20 [1ms]
2023-12-07 01:13:19.497 [info] > git show --textconv :include/standard-headers/linux/virtio_ids.h [4ms]
2023-12-07 01:13:19.498 [info] > git ls-files --stage -- /root/include/standard-headers/linux/virtio_ids.h [1ms]
2023-12-07 01:13:19.502 [info] > git cat-file -s 7aa2eb76620508fdc915533f74973d76308d3ef5 [1ms]
2023-12-07 01:13:38.650 [info] > git show --textconv :qapi/tpm.json [4ms]
2023-12-07 01:13:38.652 [info] > git ls-files --stage -- /root/qapi/tpm.json [2ms]
2023-12-07 01:13:38.656 [info] > git cat-file -s 4e2ea9756a6315ed3908f783360bb74539991456 [1ms]
2023-12-07 01:13:40.037 [info] > git show --textconv :include/standard-headers/linux/virtio_ids.h [4ms]
2023-12-07 01:13:40.038 [info] > git ls-files --stage -- /root/include/standard-headers/linux/virtio_ids.h [2ms]
2023-12-07 01:13:40.042 [info] > git cat-file -s 7aa2eb76620508fdc915533f74973d76308d3ef5 [1ms]
2023-12-07 01:13:43.585 [info] > git show --textconv :include/qom/object.h [4ms]
2023-12-07 01:13:43.586 [info] > git ls-files --stage -- /root/include/qom/object.h [1ms]
2023-12-07 01:13:43.590 [info] > git cat-file -s ef7258a5e149f14b1fca3da1b3c6e2f1365c8f20 [0ms]
2023-12-07 01:13:44.731 [info] > git show --textconv :include/standard-headers/linux/virtio_ids.h [4ms]
2023-12-07 01:13:44.733 [info] > git ls-files --stage -- /root/include/standard-headers/linux/virtio_ids.h [1ms]
2023-12-07 01:13:44.736 [info] > git cat-file -s 7aa2eb76620508fdc915533f74973d76308d3ef5 [0ms]
2023-12-07 01:13:50.142 [info] > git show --textconv :include/hw/pci/pci.h [4ms]
2023-12-07 01:13:50.144 [info] > git ls-files --stage -- /root/include/hw/pci/pci.h [2ms]
2023-12-07 01:13:50.148 [info] > git cat-file -s 6dc6742fc403d7af2d02b0fc8073a07f0d4ba1d9 [0ms]
2023-12-07 01:14:12.185 [info] > git show --textconv :include/standard-headers/linux/virtio_ids.h [4ms]
2023-12-07 01:14:12.186 [info] > git ls-files --stage -- /root/include/standard-headers/linux/virtio_ids.h [2ms]
2023-12-07 01:14:12.190 [info] > git cat-file -s 7aa2eb76620508fdc915533f74973d76308d3ef5 [1ms]
2023-12-07 01:15:47.322 [info] > git show --textconv :include/qom/object.h [4ms]
2023-12-07 01:15:47.324 [info] > git ls-files --stage -- /root/include/qom/object.h [1ms]
2023-12-07 01:15:47.328 [info] > git cat-file -s ef7258a5e149f14b1fca3da1b3c6e2f1365c8f20 [1ms]
2023-12-07 01:15:50.169 [info] > git show --textconv :softmmu/runstate.c [4ms]
2023-12-07 01:15:50.170 [info] > git ls-files --stage -- /root/softmmu/runstate.c [2ms]
2023-12-07 01:15:50.174 [info] > git cat-file -s d1e04586dbcd1aaba9ed884abf2fe0fa342df4c0 [1ms]
2023-12-07 01:15:50.480 [info] > git check-ignore -v -z --stdin [6ms]
2023-12-07 01:15:52.131 [info] > git show --textconv :include/standard-headers/linux/virtio_ids.h [4ms]
2023-12-07 01:15:52.133 [info] > git ls-files --stage -- /root/include/standard-headers/linux/virtio_ids.h [2ms]
2023-12-07 01:15:52.140 [info] > git cat-file -s 7aa2eb76620508fdc915533f74973d76308d3ef5 [4ms]
2023-12-07 01:15:52.731 [info] > git show --textconv :include/hw/pci/pci.h [4ms]
2023-12-07 01:15:52.732 [info] > git ls-files --stage -- /root/include/hw/pci/pci.h [1ms]
2023-12-07 01:15:52.736 [info] > git cat-file -s 6dc6742fc403d7af2d02b0fc8073a07f0d4ba1d9 [1ms]
2023-12-07 01:23:55.684 [info] > git show --textconv :hw/virtio/virtio-tpm-pci.c [4ms]
2023-12-07 01:23:55.685 [info] > git ls-files --stage -- /root/hw/virtio/virtio-tpm-pci.c [1ms]
2023-12-07 01:24:09.859 [info] > git show --textconv :hw/virtio/tpm_virtio.c [3ms]
2023-12-07 01:24:09.860 [info] > git ls-files --stage -- /root/hw/virtio/tpm_virtio.c [2ms]
