2023-12-06 21:38:02.644 [info] Extension host with pid 202935 started
2023-12-06 21:38:02.644 [error] Error: EEXIST: file already exists, open '/root/.vscode-server/data/User/workspaceStorage/b98aaa533d37bbe3f2793ca604990a7b/vscode.lock'
2023-12-06 21:38:02.645 [info] Lock '/root/.vscode-server/data/User/workspaceStorage/b98aaa533d37bbe3f2793ca604990a7b/vscode.lock': Could not acquire lock, checking if the file is stale.
2023-12-06 21:38:02.647 [info] Lock '/root/.vscode-server/data/User/workspaceStorage/b98aaa533d37bbe3f2793ca604990a7b/vscode.lock': The lock does not look stale, elapsed: 949 ms, giving up.
2023-12-06 21:38:02.653 [info] Lock '/root/.vscode-server/data/User/workspaceStorage/b98aaa533d37bbe3f2793ca604990a7b-1/vscode.lock': Lock acquired.
2023-12-06 21:38:03.106 [info] ExtensionService#_doActivateExtension vscode.git-base, startup: false, activationEvent: '*', root cause: vscode.git
2023-12-06 21:38:03.107 [info] ExtensionService#_doActivateExtension vscode.emmet, startup: false, activationEvent: 'onLanguage'
2023-12-06 21:38:03.269 [info] ExtensionService#_doActivateExtension vscode.git, startup: false, activationEvent: '*'
2023-12-06 21:38:03.269 [info] ExtensionService#_doActivateExtension vscode.github, startup: false, activationEvent: '*'
2023-12-06 21:38:03.512 [info] Eager extensions activated
2023-12-06 21:38:03.512 [info] ExtensionService#_doActivateExtension vscode.debug-auto-launch, startup: false, activationEvent: 'onStartupFinished'
2023-12-06 21:38:03.513 [info] ExtensionService#_doActivateExtension vscode.merge-conflict, startup: false, activationEvent: 'onStartupFinished'
2023-12-06 21:38:03.640 [warning] [Decorations] CAPPING events from decorations provider vscode.git 1185
2023-12-06 21:38:03.846 [warning] [Decorations] CAPPING events from decorations provider vscode.git 1185
2023-12-06 21:48:24.717 [info] ExtensionService#_doActivateExtension vscode.npm, startup: false, activationEvent: 'onTerminalQuickFixRequest:ms-vscode.npm-command'
2023-12-06 22:32:58.946 [info] ExtensionService#_doActivateExtension Gerrnperl.outline-map, startup: false, activationEvent: 'onView:outline-map-view'
2023-12-06 23:42:54.369 [info] ExtensionService#_doActivateExtension vscode.extension-editing, startup: false, activationEvent: 'onLanguage:json'
2023-12-06 23:42:54.369 [info] ExtensionService#_doActivateExtension vscode.json-language-features, startup: false, activationEvent: 'onLanguage:json'
2023-12-07 04:45:15.691 [info] Extension host terminating: renderer disconnected for too long (1)
2023-12-07 04:45:15.691 [info] Lock '/root/.vscode-server/data/User/workspaceStorage/b98aaa533d37bbe3f2793ca604990a7b-1/vscode.lock': Marking the lockfile as scheduled to be released in 6000 ms.
2023-12-07 04:45:15.713 [error] Canceled: Canceled
	at new f (/root/.vscode-server/bin/1a5daa3a0231a0fbba4f14db7ec463cf99d7768e/out/vs/workbench/api/node/extensionHostProcess.js:125:108614)
	at n.U (/root/.vscode-server/bin/1a5daa3a0231a0fbba4f14db7ec463cf99d7768e/out/vs/workbench/api/node/extensionHostProcess.js:134:10873)
	at F.<computed>.z.charCodeAt.F.<computed> (/root/.vscode-server/bin/1a5daa3a0231a0fbba4f14db7ec463cf99d7768e/out/vs/workbench/api/node/extensionHostProcess.js:134:8315)
	at i.g (/root/.vscode-server/bin/1a5daa3a0231a0fbba4f14db7ec463cf99d7768e/out/vs/workbench/api/node/extensionHostProcess.js:125:139130)
	at i.executeCommand (/root/.vscode-server/bin/1a5daa3a0231a0fbba4f14db7ec463cf99d7768e/out/vs/workbench/api/node/extensionHostProcess.js:125:138568)
	at $.registerCommand.description (/root/.vscode-server/bin/1a5daa3a0231a0fbba4f14db7ec463cf99d7768e/out/vs/workbench/api/node/extensionHostProcess.js:125:137892)
	at i.h (/root/.vscode-server/bin/1a5daa3a0231a0fbba4f14db7ec463cf99d7768e/out/vs/workbench/api/node/extensionHostProcess.js:125:139669)
	at i.g (/root/.vscode-server/bin/1a5daa3a0231a0fbba4f14db7ec463cf99d7768e/out/vs/workbench/api/node/extensionHostProcess.js:125:138661)
	at i.executeCommand (/root/.vscode-server/bin/1a5daa3a0231a0fbba4f14db7ec463cf99d7768e/out/vs/workbench/api/node/extensionHostProcess.js:125:138568)
	at Object.executeCommand (/root/.vscode-server/bin/1a5daa3a0231a0fbba4f14db7ec463cf99d7768e/out/vs/workbench/api/node/extensionHostProcess.js:140:21329)
	at h.D [as value] (/root/.vscode-server/bin/1a5daa3a0231a0fbba4f14db7ec463cf99d7768e/extensions/git/dist/main.js:2:1316925)
	at c.y (/root/.vscode-server/bin/1a5daa3a0231a0fbba4f14db7ec463cf99d7768e/out/vs/workbench/api/node/extensionHostProcess.js:80:1902)
	at c.z (/root/.vscode-server/bin/1a5daa3a0231a0fbba4f14db7ec463cf99d7768e/out/vs/workbench/api/node/extensionHostProcess.js:80:1972)
	at c.fire (/root/.vscode-server/bin/1a5daa3a0231a0fbba4f14db7ec463cf99d7768e/out/vs/workbench/api/node/extensionHostProcess.js:80:2188)
	at Object.m [as dispose] (/root/.vscode-server/bin/1a5daa3a0231a0fbba4f14db7ec463cf99d7768e/extensions/git/dist/main.js:2:1332842)
	at /root/.vscode-server/bin/1a5daa3a0231a0fbba4f14db7ec463cf99d7768e/extensions/git/dist/main.js:2:1337795
	at Array.forEach (<anonymous>)
	at g.dispose (/root/.vscode-server/bin/1a5daa3a0231a0fbba4f14db7ec463cf99d7768e/extensions/git/dist/main.js:2:1337781)
	at w.<anonymous> (/root/.vscode-server/bin/1a5daa3a0231a0fbba4f14db7ec463cf99d7768e/out/vs/workbench/api/node/extensionHostProcess.js:121:3572)
	at w.dispose (/root/.vscode-server/bin/1a5daa3a0231a0fbba4f14db7ec463cf99d7768e/out/vs/workbench/api/node/extensionHostProcess.js:121:3669)
	at w.<anonymous> (/root/.vscode-server/bin/1a5daa3a0231a0fbba4f14db7ec463cf99d7768e/extensions/git/dist/main.js:2:1318937)
	at w.dispose (/root/.vscode-server/bin/1a5daa3a0231a0fbba4f14db7ec463cf99d7768e/out/vs/workbench/api/node/extensionHostProcess.js:121:3669)
	at o (/root/.vscode-server/bin/1a5daa3a0231a0fbba4f14db7ec463cf99d7768e/out/vs/workbench/api/node/extensionHostProcess.js:30:754)
	at h.cb (/root/.vscode-server/bin/1a5daa3a0231a0fbba4f14db7ec463cf99d7768e/out/vs/workbench/api/node/extensionHostProcess.js:136:9843)
	at /root/.vscode-server/bin/1a5daa3a0231a0fbba4f14db7ec463cf99d7768e/out/vs/workbench/api/node/extensionHostProcess.js:136:7793
	at Array.map (<anonymous>)
	at h.Y (/root/.vscode-server/bin/1a5daa3a0231a0fbba4f14db7ec463cf99d7768e/out/vs/workbench/api/node/extensionHostProcess.js:136:7781)
	at h.terminate (/root/.vscode-server/bin/1a5daa3a0231a0fbba4f14db7ec463cf99d7768e/out/vs/workbench/api/node/extensionHostProcess.js:136:8051)
	at o.terminate (/root/.vscode-server/bin/1a5daa3a0231a0fbba4f14db7ec463cf99d7768e/out/vs/workbench/api/node/extensionHostProcess.js:140:1513)
	at a (/root/.vscode-server/bin/1a5daa3a0231a0fbba4f14db7ec463cf99d7768e/out/vs/workbench/api/node/extensionHostProcess.js:153:9817)
	at z.a (/root/.vscode-server/bin/1a5daa3a0231a0fbba4f14db7ec463cf99d7768e/out/vs/workbench/api/node/extensionHostProcess.js:153:6547)
	at z.h (/root/.vscode-server/bin/1a5daa3a0231a0fbba4f14db7ec463cf99d7768e/out/vs/workbench/api/node/extensionHostProcess.js:90:19702)
	at listOnTimeout (node:internal/timers:569:17)
	at process.processTimers (node:internal/timers:512:7) setContext undefined
2023-12-07 04:45:15.714 [error] Canceled: Canceled
	at new f (/root/.vscode-server/bin/1a5daa3a0231a0fbba4f14db7ec463cf99d7768e/out/vs/workbench/api/node/extensionHostProcess.js:125:108614)
	at n.U (/root/.vscode-server/bin/1a5daa3a0231a0fbba4f14db7ec463cf99d7768e/out/vs/workbench/api/node/extensionHostProcess.js:134:10873)
	at F.<computed>.z.charCodeAt.F.<computed> (/root/.vscode-server/bin/1a5daa3a0231a0fbba4f14db7ec463cf99d7768e/out/vs/workbench/api/node/extensionHostProcess.js:134:8315)
	at i.g (/root/.vscode-server/bin/1a5daa3a0231a0fbba4f14db7ec463cf99d7768e/out/vs/workbench/api/node/extensionHostProcess.js:125:139130)
	at i.executeCommand (/root/.vscode-server/bin/1a5daa3a0231a0fbba4f14db7ec463cf99d7768e/out/vs/workbench/api/node/extensionHostProcess.js:125:138568)
	at $.registerCommand.description (/root/.vscode-server/bin/1a5daa3a0231a0fbba4f14db7ec463cf99d7768e/out/vs/workbench/api/node/extensionHostProcess.js:125:137892)
	at i.h (/root/.vscode-server/bin/1a5daa3a0231a0fbba4f14db7ec463cf99d7768e/out/vs/workbench/api/node/extensionHostProcess.js:125:139669)
	at i.g (/root/.vscode-server/bin/1a5daa3a0231a0fbba4f14db7ec463cf99d7768e/out/vs/workbench/api/node/extensionHostProcess.js:125:138661)
	at i.executeCommand (/root/.vscode-server/bin/1a5daa3a0231a0fbba4f14db7ec463cf99d7768e/out/vs/workbench/api/node/extensionHostProcess.js:125:138568)
	at Object.executeCommand (/root/.vscode-server/bin/1a5daa3a0231a0fbba4f14db7ec463cf99d7768e/out/vs/workbench/api/node/extensionHostProcess.js:140:21329)
	at h.D [as value] (/root/.vscode-server/bin/1a5daa3a0231a0fbba4f14db7ec463cf99d7768e/extensions/git/dist/main.js:2:1316925)
	at c.y (/root/.vscode-server/bin/1a5daa3a0231a0fbba4f14db7ec463cf99d7768e/out/vs/workbench/api/node/extensionHostProcess.js:80:1902)
	at c.z (/root/.vscode-server/bin/1a5daa3a0231a0fbba4f14db7ec463cf99d7768e/out/vs/workbench/api/node/extensionHostProcess.js:80:1972)
	at c.fire (/root/.vscode-server/bin/1a5daa3a0231a0fbba4f14db7ec463cf99d7768e/out/vs/workbench/api/node/extensionHostProcess.js:80:2188)
	at Object.m [as dispose] (/root/.vscode-server/bin/1a5daa3a0231a0fbba4f14db7ec463cf99d7768e/extensions/git/dist/main.js:2:1332842)
	at /root/.vscode-server/bin/1a5daa3a0231a0fbba4f14db7ec463cf99d7768e/extensions/git/dist/main.js:2:1337795
	at Array.forEach (<anonymous>)
	at g.dispose (/root/.vscode-server/bin/1a5daa3a0231a0fbba4f14db7ec463cf99d7768e/extensions/git/dist/main.js:2:1337781)
	at w.<anonymous> (/root/.vscode-server/bin/1a5daa3a0231a0fbba4f14db7ec463cf99d7768e/out/vs/workbench/api/node/extensionHostProcess.js:121:3572)
	at w.dispose (/root/.vscode-server/bin/1a5daa3a0231a0fbba4f14db7ec463cf99d7768e/out/vs/workbench/api/node/extensionHostProcess.js:121:3669)
	at w.<anonymous> (/root/.vscode-server/bin/1a5daa3a0231a0fbba4f14db7ec463cf99d7768e/extensions/git/dist/main.js:2:1318937)
	at w.dispose (/root/.vscode-server/bin/1a5daa3a0231a0fbba4f14db7ec463cf99d7768e/out/vs/workbench/api/node/extensionHostProcess.js:121:3669)
	at o (/root/.vscode-server/bin/1a5daa3a0231a0fbba4f14db7ec463cf99d7768e/out/vs/workbench/api/node/extensionHostProcess.js:30:754)
	at h.cb (/root/.vscode-server/bin/1a5daa3a0231a0fbba4f14db7ec463cf99d7768e/out/vs/workbench/api/node/extensionHostProcess.js:136:9843)
	at /root/.vscode-server/bin/1a5daa3a0231a0fbba4f14db7ec463cf99d7768e/out/vs/workbench/api/node/extensionHostProcess.js:136:7793
	at Array.map (<anonymous>)
	at h.Y (/root/.vscode-server/bin/1a5daa3a0231a0fbba4f14db7ec463cf99d7768e/out/vs/workbench/api/node/extensionHostProcess.js:136:7781)
	at h.terminate (/root/.vscode-server/bin/1a5daa3a0231a0fbba4f14db7ec463cf99d7768e/out/vs/workbench/api/node/extensionHostProcess.js:136:8051)
	at o.terminate (/root/.vscode-server/bin/1a5daa3a0231a0fbba4f14db7ec463cf99d7768e/out/vs/workbench/api/node/extensionHostProcess.js:140:1513)
	at a (/root/.vscode-server/bin/1a5daa3a0231a0fbba4f14db7ec463cf99d7768e/out/vs/workbench/api/node/extensionHostProcess.js:153:9817)
	at z.a (/root/.vscode-server/bin/1a5daa3a0231a0fbba4f14db7ec463cf99d7768e/out/vs/workbench/api/node/extensionHostProcess.js:153:6547)
	at z.h (/root/.vscode-server/bin/1a5daa3a0231a0fbba4f14db7ec463cf99d7768e/out/vs/workbench/api/node/extensionHostProcess.js:90:19702)
	at listOnTimeout (node:internal/timers:569:17)
	at process.processTimers (node:internal/timers:512:7) setContext undefined
2023-12-07 04:45:15.714 [error] Canceled: Canceled
	at new f (/root/.vscode-server/bin/1a5daa3a0231a0fbba4f14db7ec463cf99d7768e/out/vs/workbench/api/node/extensionHostProcess.js:125:108614)
	at n.U (/root/.vscode-server/bin/1a5daa3a0231a0fbba4f14db7ec463cf99d7768e/out/vs/workbench/api/node/extensionHostProcess.js:134:10873)
	at F.<computed>.z.charCodeAt.F.<computed> (/root/.vscode-server/bin/1a5daa3a0231a0fbba4f14db7ec463cf99d7768e/out/vs/workbench/api/node/extensionHostProcess.js:134:8315)
	at i.g (/root/.vscode-server/bin/1a5daa3a0231a0fbba4f14db7ec463cf99d7768e/out/vs/workbench/api/node/extensionHostProcess.js:125:139130)
	at i.executeCommand (/root/.vscode-server/bin/1a5daa3a0231a0fbba4f14db7ec463cf99d7768e/out/vs/workbench/api/node/extensionHostProcess.js:125:138568)
	at $.registerCommand.description (/root/.vscode-server/bin/1a5daa3a0231a0fbba4f14db7ec463cf99d7768e/out/vs/workbench/api/node/extensionHostProcess.js:125:137892)
	at i.h (/root/.vscode-server/bin/1a5daa3a0231a0fbba4f14db7ec463cf99d7768e/out/vs/workbench/api/node/extensionHostProcess.js:125:139669)
	at i.g (/root/.vscode-server/bin/1a5daa3a0231a0fbba4f14db7ec463cf99d7768e/out/vs/workbench/api/node/extensionHostProcess.js:125:138661)
	at i.executeCommand (/root/.vscode-server/bin/1a5daa3a0231a0fbba4f14db7ec463cf99d7768e/out/vs/workbench/api/node/extensionHostProcess.js:125:138568)
	at Object.executeCommand (/root/.vscode-server/bin/1a5daa3a0231a0fbba4f14db7ec463cf99d7768e/out/vs/workbench/api/node/extensionHostProcess.js:140:21329)
	at h.D [as value] (/root/.vscode-server/bin/1a5daa3a0231a0fbba4f14db7ec463cf99d7768e/extensions/git/dist/main.js:2:1316925)
	at c.y (/root/.vscode-server/bin/1a5daa3a0231a0fbba4f14db7ec463cf99d7768e/out/vs/workbench/api/node/extensionHostProcess.js:80:1902)
	at c.z (/root/.vscode-server/bin/1a5daa3a0231a0fbba4f14db7ec463cf99d7768e/out/vs/workbench/api/node/extensionHostProcess.js:80:1972)
	at c.fire (/root/.vscode-server/bin/1a5daa3a0231a0fbba4f14db7ec463cf99d7768e/out/vs/workbench/api/node/extensionHostProcess.js:80:2188)
	at Object.m [as dispose] (/root/.vscode-server/bin/1a5daa3a0231a0fbba4f14db7ec463cf99d7768e/extensions/git/dist/main.js:2:1332842)
	at /root/.vscode-server/bin/1a5daa3a0231a0fbba4f14db7ec463cf99d7768e/extensions/git/dist/main.js:2:1337795
	at Array.forEach (<anonymous>)
	at g.dispose (/root/.vscode-server/bin/1a5daa3a0231a0fbba4f14db7ec463cf99d7768e/extensions/git/dist/main.js:2:1337781)
	at w.<anonymous> (/root/.vscode-server/bin/1a5daa3a0231a0fbba4f14db7ec463cf99d7768e/out/vs/workbench/api/node/extensionHostProcess.js:121:3572)
	at w.dispose (/root/.vscode-server/bin/1a5daa3a0231a0fbba4f14db7ec463cf99d7768e/out/vs/workbench/api/node/extensionHostProcess.js:121:3669)
	at w.<anonymous> (/root/.vscode-server/bin/1a5daa3a0231a0fbba4f14db7ec463cf99d7768e/extensions/git/dist/main.js:2:1318937)
	at w.dispose (/root/.vscode-server/bin/1a5daa3a0231a0fbba4f14db7ec463cf99d7768e/out/vs/workbench/api/node/extensionHostProcess.js:121:3669)
	at o (/root/.vscode-server/bin/1a5daa3a0231a0fbba4f14db7ec463cf99d7768e/out/vs/workbench/api/node/extensionHostProcess.js:30:754)
	at h.cb (/root/.vscode-server/bin/1a5daa3a0231a0fbba4f14db7ec463cf99d7768e/out/vs/workbench/api/node/extensionHostProcess.js:136:9843)
	at /root/.vscode-server/bin/1a5daa3a0231a0fbba4f14db7ec463cf99d7768e/out/vs/workbench/api/node/extensionHostProcess.js:136:7793
	at Array.map (<anonymous>)
	at h.Y (/root/.vscode-server/bin/1a5daa3a0231a0fbba4f14db7ec463cf99d7768e/out/vs/workbench/api/node/extensionHostProcess.js:136:7781)
	at h.terminate (/root/.vscode-server/bin/1a5daa3a0231a0fbba4f14db7ec463cf99d7768e/out/vs/workbench/api/node/extensionHostProcess.js:136:8051)
	at o.terminate (/root/.vscode-server/bin/1a5daa3a0231a0fbba4f14db7ec463cf99d7768e/out/vs/workbench/api/node/extensionHostProcess.js:140:1513)
	at a (/root/.vscode-server/bin/1a5daa3a0231a0fbba4f14db7ec463cf99d7768e/out/vs/workbench/api/node/extensionHostProcess.js:153:9817)
	at z.a (/root/.vscode-server/bin/1a5daa3a0231a0fbba4f14db7ec463cf99d7768e/out/vs/workbench/api/node/extensionHostProcess.js:153:6547)
	at z.h (/root/.vscode-server/bin/1a5daa3a0231a0fbba4f14db7ec463cf99d7768e/out/vs/workbench/api/node/extensionHostProcess.js:90:19702)
	at listOnTimeout (node:internal/timers:569:17)
	at process.processTimers (node:internal/timers:512:7) setContext undefined
2023-12-07 04:45:15.714 [error] Canceled: Canceled
	at new f (/root/.vscode-server/bin/1a5daa3a0231a0fbba4f14db7ec463cf99d7768e/out/vs/workbench/api/node/extensionHostProcess.js:125:108614)
	at n.U (/root/.vscode-server/bin/1a5daa3a0231a0fbba4f14db7ec463cf99d7768e/out/vs/workbench/api/node/extensionHostProcess.js:134:10873)
	at F.<computed>.z.charCodeAt.F.<computed> (/root/.vscode-server/bin/1a5daa3a0231a0fbba4f14db7ec463cf99d7768e/out/vs/workbench/api/node/extensionHostProcess.js:134:8315)
	at i.g (/root/.vscode-server/bin/1a5daa3a0231a0fbba4f14db7ec463cf99d7768e/out/vs/workbench/api/node/extensionHostProcess.js:125:139130)
	at i.executeCommand (/root/.vscode-server/bin/1a5daa3a0231a0fbba4f14db7ec463cf99d7768e/out/vs/workbench/api/node/extensionHostProcess.js:125:138568)
	at $.registerCommand.description (/root/.vscode-server/bin/1a5daa3a0231a0fbba4f14db7ec463cf99d7768e/out/vs/workbench/api/node/extensionHostProcess.js:125:137892)
	at i.h (/root/.vscode-server/bin/1a5daa3a0231a0fbba4f14db7ec463cf99d7768e/out/vs/workbench/api/node/extensionHostProcess.js:125:139669)
	at i.g (/root/.vscode-server/bin/1a5daa3a0231a0fbba4f14db7ec463cf99d7768e/out/vs/workbench/api/node/extensionHostProcess.js:125:138661)
	at i.executeCommand (/root/.vscode-server/bin/1a5daa3a0231a0fbba4f14db7ec463cf99d7768e/out/vs/workbench/api/node/extensionHostProcess.js:125:138568)
	at Object.executeCommand (/root/.vscode-server/bin/1a5daa3a0231a0fbba4f14db7ec463cf99d7768e/out/vs/workbench/api/node/extensionHostProcess.js:140:21329)
	at h.D [as value] (/root/.vscode-server/bin/1a5daa3a0231a0fbba4f14db7ec463cf99d7768e/extensions/git/dist/main.js:2:1316925)
	at c.y (/root/.vscode-server/bin/1a5daa3a0231a0fbba4f14db7ec463cf99d7768e/out/vs/workbench/api/node/extensionHostProcess.js:80:1902)
	at c.z (/root/.vscode-server/bin/1a5daa3a0231a0fbba4f14db7ec463cf99d7768e/out/vs/workbench/api/node/extensionHostProcess.js:80:1972)
	at c.fire (/root/.vscode-server/bin/1a5daa3a0231a0fbba4f14db7ec463cf99d7768e/out/vs/workbench/api/node/extensionHostProcess.js:80:2188)
	at Object.m [as dispose] (/root/.vscode-server/bin/1a5daa3a0231a0fbba4f14db7ec463cf99d7768e/extensions/git/dist/main.js:2:1332842)
	at /root/.vscode-server/bin/1a5daa3a0231a0fbba4f14db7ec463cf99d7768e/extensions/git/dist/main.js:2:1337795
	at Array.forEach (<anonymous>)
	at g.dispose (/root/.vscode-server/bin/1a5daa3a0231a0fbba4f14db7ec463cf99d7768e/extensions/git/dist/main.js:2:1337781)
	at w.<anonymous> (/root/.vscode-server/bin/1a5daa3a0231a0fbba4f14db7ec463cf99d7768e/out/vs/workbench/api/node/extensionHostProcess.js:121:3572)
	at w.dispose (/root/.vscode-server/bin/1a5daa3a0231a0fbba4f14db7ec463cf99d7768e/out/vs/workbench/api/node/extensionHostProcess.js:121:3669)
	at w.<anonymous> (/root/.vscode-server/bin/1a5daa3a0231a0fbba4f14db7ec463cf99d7768e/extensions/git/dist/main.js:2:1318937)
	at w.dispose (/root/.vscode-server/bin/1a5daa3a0231a0fbba4f14db7ec463cf99d7768e/out/vs/workbench/api/node/extensionHostProcess.js:121:3669)
	at o (/root/.vscode-server/bin/1a5daa3a0231a0fbba4f14db7ec463cf99d7768e/out/vs/workbench/api/node/extensionHostProcess.js:30:754)
	at h.cb (/root/.vscode-server/bin/1a5daa3a0231a0fbba4f14db7ec463cf99d7768e/out/vs/workbench/api/node/extensionHostProcess.js:136:9843)
	at /root/.vscode-server/bin/1a5daa3a0231a0fbba4f14db7ec463cf99d7768e/out/vs/workbench/api/node/extensionHostProcess.js:136:7793
	at Array.map (<anonymous>)
	at h.Y (/root/.vscode-server/bin/1a5daa3a0231a0fbba4f14db7ec463cf99d7768e/out/vs/workbench/api/node/extensionHostProcess.js:136:7781)
	at h.terminate (/root/.vscode-server/bin/1a5daa3a0231a0fbba4f14db7ec463cf99d7768e/out/vs/workbench/api/node/extensionHostProcess.js:136:8051)
	at o.terminate (/root/.vscode-server/bin/1a5daa3a0231a0fbba4f14db7ec463cf99d7768e/out/vs/workbench/api/node/extensionHostProcess.js:140:1513)
	at a (/root/.vscode-server/bin/1a5daa3a0231a0fbba4f14db7ec463cf99d7768e/out/vs/workbench/api/node/extensionHostProcess.js:153:9817)
	at z.a (/root/.vscode-server/bin/1a5daa3a0231a0fbba4f14db7ec463cf99d7768e/out/vs/workbench/api/node/extensionHostProcess.js:153:6547)
	at z.h (/root/.vscode-server/bin/1a5daa3a0231a0fbba4f14db7ec463cf99d7768e/out/vs/workbench/api/node/extensionHostProcess.js:90:19702)
	at listOnTimeout (node:internal/timers:569:17)
	at process.processTimers (node:internal/timers:512:7) setContext undefined
2023-12-07 04:45:15.714 [error] Canceled: Canceled
	at new f (/root/.vscode-server/bin/1a5daa3a0231a0fbba4f14db7ec463cf99d7768e/out/vs/workbench/api/node/extensionHostProcess.js:125:108614)
	at n.U (/root/.vscode-server/bin/1a5daa3a0231a0fbba4f14db7ec463cf99d7768e/out/vs/workbench/api/node/extensionHostProcess.js:134:10873)
	at F.<computed>.z.charCodeAt.F.<computed> (/root/.vscode-server/bin/1a5daa3a0231a0fbba4f14db7ec463cf99d7768e/out/vs/workbench/api/node/extensionHostProcess.js:134:8315)
	at i.g (/root/.vscode-server/bin/1a5daa3a0231a0fbba4f14db7ec463cf99d7768e/out/vs/workbench/api/node/extensionHostProcess.js:125:139130)
	at i.executeCommand (/root/.vscode-server/bin/1a5daa3a0231a0fbba4f14db7ec463cf99d7768e/out/vs/workbench/api/node/extensionHostProcess.js:125:138568)
	at $.registerCommand.description (/root/.vscode-server/bin/1a5daa3a0231a0fbba4f14db7ec463cf99d7768e/out/vs/workbench/api/node/extensionHostProcess.js:125:137892)
	at i.h (/root/.vscode-server/bin/1a5daa3a0231a0fbba4f14db7ec463cf99d7768e/out/vs/workbench/api/node/extensionHostProcess.js:125:139669)
	at i.g (/root/.vscode-server/bin/1a5daa3a0231a0fbba4f14db7ec463cf99d7768e/out/vs/workbench/api/node/extensionHostProcess.js:125:138661)
	at i.executeCommand (/root/.vscode-server/bin/1a5daa3a0231a0fbba4f14db7ec463cf99d7768e/out/vs/workbench/api/node/extensionHostProcess.js:125:138568)
	at Object.executeCommand (/root/.vscode-server/bin/1a5daa3a0231a0fbba4f14db7ec463cf99d7768e/out/vs/workbench/api/node/extensionHostProcess.js:140:21329)
	at set b [as b] (/root/.vscode-server/bin/1a5daa3a0231a0fbba4f14db7ec463cf99d7768e/extensions/github/dist/extension.js:2:714708)
	at /root/.vscode-server/bin/1a5daa3a0231a0fbba4f14db7ec463cf99d7768e/extensions/github/dist/extension.js:2:715349
	at h.value (/root/.vscode-server/bin/1a5daa3a0231a0fbba4f14db7ec463cf99d7768e/extensions/git/dist/main.js:2:1408111)
	at c.y (/root/.vscode-server/bin/1a5daa3a0231a0fbba4f14db7ec463cf99d7768e/out/vs/workbench/api/node/extensionHostProcess.js:80:1902)
	at c.z (/root/.vscode-server/bin/1a5daa3a0231a0fbba4f14db7ec463cf99d7768e/out/vs/workbench/api/node/extensionHostProcess.js:80:1972)
	at c.fire (/root/.vscode-server/bin/1a5daa3a0231a0fbba4f14db7ec463cf99d7768e/out/vs/workbench/api/node/extensionHostProcess.js:80:2188)
	at Object.m [as dispose] (/root/.vscode-server/bin/1a5daa3a0231a0fbba4f14db7ec463cf99d7768e/extensions/git/dist/main.js:2:1332842)
	at /root/.vscode-server/bin/1a5daa3a0231a0fbba4f14db7ec463cf99d7768e/extensions/git/dist/main.js:2:1337795
	at Array.forEach (<anonymous>)
	at g.dispose (/root/.vscode-server/bin/1a5daa3a0231a0fbba4f14db7ec463cf99d7768e/extensions/git/dist/main.js:2:1337781)
	at w.<anonymous> (/root/.vscode-server/bin/1a5daa3a0231a0fbba4f14db7ec463cf99d7768e/out/vs/workbench/api/node/extensionHostProcess.js:121:3572)
	at w.dispose (/root/.vscode-server/bin/1a5daa3a0231a0fbba4f14db7ec463cf99d7768e/out/vs/workbench/api/node/extensionHostProcess.js:121:3669)
	at w.<anonymous> (/root/.vscode-server/bin/1a5daa3a0231a0fbba4f14db7ec463cf99d7768e/extensions/git/dist/main.js:2:1318937)
	at w.dispose (/root/.vscode-server/bin/1a5daa3a0231a0fbba4f14db7ec463cf99d7768e/out/vs/workbench/api/node/extensionHostProcess.js:121:3669)
	at o (/root/.vscode-server/bin/1a5daa3a0231a0fbba4f14db7ec463cf99d7768e/out/vs/workbench/api/node/extensionHostProcess.js:30:754)
	at h.cb (/root/.vscode-server/bin/1a5daa3a0231a0fbba4f14db7ec463cf99d7768e/out/vs/workbench/api/node/extensionHostProcess.js:136:9843)
	at /root/.vscode-server/bin/1a5daa3a0231a0fbba4f14db7ec463cf99d7768e/out/vs/workbench/api/node/extensionHostProcess.js:136:7793
	at Array.map (<anonymous>)
	at h.Y (/root/.vscode-server/bin/1a5daa3a0231a0fbba4f14db7ec463cf99d7768e/out/vs/workbench/api/node/extensionHostProcess.js:136:7781)
	at h.terminate (/root/.vscode-server/bin/1a5daa3a0231a0fbba4f14db7ec463cf99d7768e/out/vs/workbench/api/node/extensionHostProcess.js:136:8051)
	at o.terminate (/root/.vscode-server/bin/1a5daa3a0231a0fbba4f14db7ec463cf99d7768e/out/vs/workbench/api/node/extensionHostProcess.js:140:1513)
	at a (/root/.vscode-server/bin/1a5daa3a0231a0fbba4f14db7ec463cf99d7768e/out/vs/workbench/api/node/extensionHostProcess.js:153:9817)
	at z.a (/root/.vscode-server/bin/1a5daa3a0231a0fbba4f14db7ec463cf99d7768e/out/vs/workbench/api/node/extensionHostProcess.js:153:6547)
	at z.h (/root/.vscode-server/bin/1a5daa3a0231a0fbba4f14db7ec463cf99d7768e/out/vs/workbench/api/node/extensionHostProcess.js:90:19702)
	at listOnTimeout (node:internal/timers:569:17)
	at process.processTimers (node:internal/timers:512:7) setContext undefined
2023-12-07 04:45:15.719 [info] Extension host with pid 202935 exiting with code 0
