2023-12-06 17:30:52.253 [info] Log level: Info
2023-12-06 17:30:52.253 [info] Validating found git in: "git"
2023-12-06 17:30:52.253 [info] Using git "2.25.1" from "git"
2023-12-06 17:30:52.253 [info] > git rev-parse --show-toplevel [23ms]
2023-12-06 17:30:52.253 [info] > git rev-parse --git-dir --git-common-dir [1ms]
2023-12-06 17:30:52.253 [info] Open repository: /root
2023-12-06 17:30:52.253 [info] > git rev-parse --show-toplevel [3ms]
2023-12-06 17:30:52.253 [info] > git config --get commit.template [6ms]
2023-12-06 17:30:52.253 [info] > git rev-parse --show-toplevel [4ms]
2023-12-06 17:30:52.253 [info] > git rev-parse --show-toplevel [0ms]
2023-12-06 17:30:52.254 [info] > git for-each-ref --format %(refname) %(objectname) %(*objectname) refs/tags [7ms]
2023-12-06 17:30:52.254 [info] > git rev-parse --show-toplevel [8ms]
2023-12-06 17:30:52.254 [info] > git rev-parse --show-toplevel [1ms]
2023-12-06 17:30:52.254 [info] > git rev-parse --show-toplevel [0ms]
2023-12-06 17:30:52.254 [info] > git rev-parse --show-toplevel [1ms]
2023-12-06 17:30:52.254 [info] > git rev-parse --show-toplevel [1ms]
2023-12-06 17:30:52.254 [info] > git rev-parse --show-toplevel [2ms]
2023-12-06 17:30:52.254 [info] > git rev-parse --show-toplevel [1ms]
2023-12-06 17:30:52.258 [info] > git rev-parse --show-toplevel [1ms]
2023-12-06 17:30:52.262 [info] > git rev-parse --show-toplevel [0ms]
2023-12-06 17:30:52.265 [info] > git rev-parse --show-toplevel [1ms]
2023-12-06 17:30:52.268 [info] > git rev-parse --show-toplevel [0ms]
2023-12-06 17:30:52.272 [info] > git rev-parse --show-toplevel [1ms]
2023-12-06 17:30:52.276 [info] > git status -z -uall [49ms]
2023-12-06 17:30:52.277 [info] > git rev-parse --show-toplevel [2ms]
2023-12-06 17:30:52.423 [info] > git rev-parse --show-toplevel [143ms]
2023-12-06 17:30:52.429 [info] > git config --get commit.template [5ms]
2023-12-06 17:30:52.429 [info] > git rev-parse --show-toplevel [1ms]
2023-12-06 17:30:52.438 [info] > git rev-parse --show-toplevel [3ms]
2023-12-06 17:30:52.441 [info] > git for-each-ref --format %(refname) %(objectname) %(*objectname) refs/tags [6ms]
2023-12-06 17:30:52.454 [info] > git rev-parse --show-toplevel [3ms]
2023-12-06 17:30:52.474 [info] > git rev-parse --git-dir --git-common-dir [17ms]
2023-12-06 17:30:52.476 [info] Open repository: /root/dtc
2023-12-06 17:30:52.484 [info] > git config --get commit.template [4ms]
2023-12-06 17:30:52.484 [info] > git rev-parse --show-toplevel [1ms]
2023-12-06 17:30:52.492 [info] > git status -z -uall [48ms]
2023-12-06 17:30:52.505 [info] > git rev-parse --show-toplevel [14ms]
2023-12-06 17:30:52.505 [info] > git for-each-ref --format %(refname) %(objectname) %(*objectname) refs/tags [17ms]
2023-12-06 17:30:52.513 [info] > git status -z -uall [5ms]
2023-12-06 17:30:52.514 [info] > git rev-parse --show-toplevel [2ms]
2023-12-06 17:30:52.526 [info] > git rev-parse --show-toplevel [3ms]
2023-12-06 17:30:52.530 [info] > git config --get commit.template [4ms]
2023-12-06 17:30:52.533 [info] > git rev-parse --show-toplevel [4ms]
2023-12-06 17:30:52.537 [info] > git for-each-ref --format %(refname) %(objectname) %(*objectname) refs/tags [4ms]
2023-12-06 17:30:52.540 [info] > git rev-parse --show-toplevel [4ms]
2023-12-06 17:30:52.544 [info] > git status -z -uall [4ms]
2023-12-06 17:30:52.545 [info] > git rev-parse --show-toplevel [1ms]
2023-12-06 17:30:52.549 [info] > git rev-parse --show-toplevel [1ms]
2023-12-06 17:30:52.552 [info] > git rev-parse --show-toplevel [1ms]
2023-12-06 17:30:52.556 [info] > git rev-parse --show-toplevel [1ms]
2023-12-06 17:30:52.559 [info] > git rev-parse --show-toplevel [1ms]
2023-12-06 17:30:52.563 [info] > git rev-parse --show-toplevel [1ms]
2023-12-06 17:30:52.566 [info] > git rev-parse --show-toplevel [0ms]
2023-12-06 17:30:52.570 [info] > git rev-parse --git-dir --git-common-dir [1ms]
2023-12-06 17:30:52.572 [info] Open repository: /root/meson
2023-12-06 17:30:52.579 [info] > git config --get commit.template [4ms]
2023-12-06 17:30:52.579 [info] > git rev-parse --show-toplevel [1ms]
2023-12-06 17:30:52.585 [info] > git for-each-ref --format %(refname) %(objectname) %(*objectname) refs/tags [3ms]
2023-12-06 17:30:52.589 [info] > git rev-parse --show-toplevel [4ms]
2023-12-06 17:30:52.593 [info] > git rev-parse --show-toplevel [0ms]
2023-12-06 17:30:52.719 [info] > git status -z -uall [131ms]
2023-12-06 17:30:52.719 [info] > git rev-parse --show-toplevel [122ms]
2023-12-06 17:30:52.734 [info] > git config --get commit.template [3ms]
2023-12-06 17:30:52.734 [info] > git rev-parse --show-toplevel [7ms]
2023-12-06 17:30:52.743 [info] > git rev-parse --show-toplevel [5ms]
2023-12-06 17:30:52.748 [info] > git for-each-ref --format %(refname) %(objectname) %(*objectname) refs/tags [6ms]
2023-12-06 17:30:52.756 [info] > git rev-parse --show-toplevel [9ms]
2023-12-06 17:30:52.762 [info] > git rev-parse --show-toplevel [1ms]
2023-12-06 17:30:52.766 [info] > git status -z -uall [14ms]
2023-12-06 17:30:52.768 [info] > git rev-parse --show-toplevel [3ms]
2023-12-06 17:30:52.774 [info] > git rev-parse --show-toplevel [3ms]
2023-12-06 17:30:52.778 [info] > git rev-parse --show-toplevel [1ms]
2023-12-06 17:30:52.784 [info] > git rev-parse --show-toplevel [3ms]
2023-12-06 17:30:52.788 [info] > git rev-parse --show-toplevel [1ms]
2023-12-06 17:30:52.794 [info] > git rev-parse --show-toplevel [1ms]
2023-12-06 17:30:52.799 [info] > git rev-parse --show-toplevel [2ms]
2023-12-06 17:30:52.803 [info] > git rev-parse --show-toplevel [1ms]
2023-12-06 17:30:52.807 [info] > git rev-parse --show-toplevel [1ms]
2023-12-06 17:30:52.811 [info] > git rev-parse --show-toplevel [1ms]
2023-12-06 17:30:52.815 [info] > git rev-parse --show-toplevel [0ms]
2023-12-06 17:30:52.818 [info] > git rev-parse --show-toplevel [1ms]
2023-12-06 17:30:52.822 [info] > git rev-parse --show-toplevel [1ms]
2023-12-06 17:30:52.826 [info] > git rev-parse --show-toplevel [1ms]
2023-12-06 17:30:52.829 [info] > git rev-parse --show-toplevel [0ms]
2023-12-06 17:30:52.833 [info] > git rev-parse --show-toplevel [1ms]
2023-12-06 17:30:52.837 [info] > git rev-parse --show-toplevel [0ms]
2023-12-06 17:30:52.840 [info] > git rev-parse --show-toplevel [0ms]
2023-12-06 17:30:52.844 [info] > git rev-parse --show-toplevel [1ms]
2023-12-06 17:30:52.848 [info] > git rev-parse --show-toplevel [1ms]
2023-12-06 17:30:52.851 [info] > git rev-parse --show-toplevel [0ms]
2023-12-06 17:30:52.857 [info] > git rev-parse --show-toplevel [1ms]
2023-12-06 17:30:52.861 [info] > git rev-parse --show-toplevel [1ms]
2023-12-06 17:30:52.864 [info] > git rev-parse --show-toplevel [0ms]
2023-12-06 17:30:52.868 [info] > git rev-parse --show-toplevel [1ms]
2023-12-06 17:30:52.872 [info] > git rev-parse --show-toplevel [1ms]
2023-12-06 17:30:52.875 [info] > git rev-parse --show-toplevel [0ms]
2023-12-06 17:30:52.879 [info] > git rev-parse --show-toplevel [1ms]
2023-12-06 17:30:52.883 [info] > git rev-parse --show-toplevel [1ms]
2023-12-06 17:30:52.886 [info] > git rev-parse --show-toplevel [0ms]
2023-12-06 17:30:52.890 [info] > git rev-parse --git-dir --git-common-dir [1ms]
2023-12-06 17:30:52.893 [info] Open repository: /root/ui/keycodemapdb
2023-12-06 17:30:52.899 [info] > git config --get commit.template [3ms]
2023-12-06 17:30:52.900 [info] > git for-each-ref --format %(refname) %(objectname) %(*objectname) refs/tags [1ms]
2023-12-06 17:30:52.904 [info] > git status -z -uall [1ms]
2023-12-06 17:30:52.914 [info] > git config --get commit.template [4ms]
2023-12-06 17:30:52.914 [info] > git for-each-ref --format %(refname) %(objectname) %(*objectname) refs/tags [1ms]
2023-12-06 17:30:52.918 [info] > git status -z -uall [1ms]
2023-12-06 17:30:53.286 [info] > git check-ignore -v -z --stdin [4ms]
2023-12-06 17:30:53.287 [info] > git check-ignore -v -z --stdin [2ms]
2023-12-06 17:30:53.288 [info] > git check-ignore -v -z --stdin [10ms]
2023-12-06 17:31:02.381 [info] > git check-ignore -v -z --stdin [7ms]
2023-12-06 17:31:04.374 [info] > git check-ignore -v -z --stdin [8ms]
2023-12-06 17:31:06.025 [info] > git check-ignore -v -z --stdin [5ms]
2023-12-06 17:31:06.677 [info] > git show --textconv :hw/virtio/tpm_virtio.c [4ms]
2023-12-06 17:31:06.678 [info] > git ls-files --stage -- /root/hw/virtio/tpm_virtio.c [1ms]
2023-12-06 17:38:29.803 [info] > git check-ignore -v -z --stdin [4ms]
2023-12-06 17:38:31.270 [info] > git check-ignore -v -z --stdin [4ms]
2023-12-06 17:38:32.373 [info] > git check-ignore -v -z --stdin [3ms]
2023-12-06 17:38:37.083 [info] > git show --textconv :hw/virtio/virtio-tpm-pci.c [4ms]
2023-12-06 17:38:37.084 [info] > git ls-files --stage -- /root/hw/virtio/virtio-tpm-pci.c [2ms]
2023-12-06 17:38:48.167 [info] > git show --textconv :hw/virtio/tpm_virtio.c [4ms]
2023-12-06 17:38:48.168 [info] > git ls-files --stage -- /root/hw/virtio/tpm_virtio.c [2ms]
2023-12-06 17:39:06.709 [info] > git show --textconv :hw/virtio/virtio-rng.c [4ms]
2023-12-06 17:39:06.710 [info] > git ls-files --stage -- /root/hw/virtio/virtio-rng.c [1ms]
2023-12-06 17:39:06.714 [info] > git cat-file -s 7e12fc03bfcca8bdc7e34ec34e3cb668d3b35ca3 [1ms]
2023-12-06 17:41:56.058 [info] > git show --textconv :hw/input/virtio-input-hid.c [3ms]
2023-12-06 17:41:56.060 [info] > git ls-files --stage -- /root/hw/input/virtio-input-hid.c [2ms]
2023-12-06 17:41:56.063 [info] > git cat-file -s a7a244a95dbb50dc0cc182a9a6b4af2e55a38723 [1ms]
2023-12-06 17:41:56.156 [info] > git check-ignore -v -z --stdin [2ms]
2023-12-06 17:41:56.794 [info] > git check-ignore -v -z --stdin [4ms]
2023-12-06 17:42:46.434 [info] > git show --textconv :hw/virtio/virtio-rng.c [4ms]
2023-12-06 17:42:46.435 [info] > git ls-files --stage -- /root/hw/virtio/virtio-rng.c [1ms]
2023-12-06 17:42:46.439 [info] > git cat-file -s 7e12fc03bfcca8bdc7e34ec34e3cb668d3b35ca3 [1ms]
2023-12-06 17:42:48.049 [info] > git show --textconv :hw/virtio/virtio-tpm-pci.c [4ms]
2023-12-06 17:42:48.050 [info] > git ls-files --stage -- /root/hw/virtio/virtio-tpm-pci.c [2ms]
2023-12-06 17:43:03.762 [info] > git show --textconv :hw/virtio/tpm_virtio.c [3ms]
2023-12-06 17:43:03.763 [info] > git ls-files --stage -- /root/hw/virtio/tpm_virtio.c [2ms]
2023-12-06 17:44:17.060 [info] > git show --textconv :util/module.c [4ms]
2023-12-06 17:44:17.061 [info] > git ls-files --stage -- /root/util/module.c [2ms]
2023-12-06 17:44:17.065 [info] > git cat-file -s 32e263163c75dfa8e93ca67c739d4a501162353c [1ms]
2023-12-06 17:44:17.182 [info] > git check-ignore -v -z --stdin [2ms]
2023-12-06 17:44:17.701 [info] > git check-ignore -v -z --stdin [11ms]
2023-12-06 19:23:06.624 [info] > git show --textconv :softmmu/vl.c [7ms]
2023-12-06 19:23:06.624 [info] > git ls-files --stage -- /root/softmmu/vl.c [4ms]
2023-12-06 19:23:06.628 [info] > git check-ignore -v -z --stdin [5ms]
2023-12-06 19:23:06.628 [info] > git cat-file -s ea20b23e4c844f4d6d29f0b6939aa90be7edadca [1ms]
2023-12-06 19:23:07.265 [info] > git check-ignore -v -z --stdin [10ms]
2023-12-06 19:23:12.689 [info] > git show --textconv :util/module.c [3ms]
2023-12-06 19:23:12.691 [info] > git ls-files --stage -- /root/util/module.c [2ms]
2023-12-06 19:23:12.695 [info] > git cat-file -s 32e263163c75dfa8e93ca67c739d4a501162353c [1ms]
2023-12-06 19:27:05.874 [info] > git show --textconv :softmmu/vl.c [4ms]
2023-12-06 19:27:05.875 [info] > git ls-files --stage -- /root/softmmu/vl.c [1ms]
2023-12-06 19:27:05.879 [info] > git cat-file -s ea20b23e4c844f4d6d29f0b6939aa90be7edadca [1ms]
2023-12-06 19:53:42.249 [info] > git check-ignore -v -z --stdin [2ms]
2023-12-06 19:53:47.129 [info] > git check-ignore -v -z --stdin [5ms]
2023-12-06 19:53:47.850 [info] > git check-ignore -v -z --stdin [1ms]
2023-12-06 19:53:50.299 [info] > git show --textconv :hw/virtio/virtio-tpm-pci.c [4ms]
2023-12-06 19:53:50.300 [info] > git ls-files --stage -- /root/hw/virtio/virtio-tpm-pci.c [2ms]
2023-12-06 19:53:58.031 [info] > git show --textconv :hw/virtio/tpm_virtio.c [4ms]
2023-12-06 19:53:58.032 [info] > git ls-files --stage -- /root/hw/virtio/tpm_virtio.c [2ms]
2023-12-06 19:55:02.156 [info] > git show --textconv :hw/virtio/tpm_virtio.h [4ms]
2023-12-06 19:55:02.157 [info] > git ls-files --stage -- /root/hw/virtio/tpm_virtio.h [2ms]
2023-12-06 19:55:15.090 [info] > git show --textconv :hw/virtio/trace-events [4ms]
2023-12-06 19:55:15.091 [info] > git ls-files --stage -- /root/hw/virtio/trace-events [2ms]
2023-12-06 19:55:15.094 [info] > git cat-file -s 8f8d05cf9b01cd676f528689b96fe85f10edac13 [0ms]
2023-12-06 19:55:15.600 [info] > git show --textconv :hw/virtio/trace.h [3ms]
2023-12-06 19:55:15.602 [info] > git ls-files --stage -- /root/hw/virtio/trace.h [2ms]
2023-12-06 19:55:15.605 [info] > git cat-file -s 5d7097061beabecb7306b6fbf1d7eab8d00050cd [0ms]
2023-12-06 19:55:16.570 [info] > git show --textconv :hw/virtio/vdpa-dev.c [3ms]
2023-12-06 19:55:16.572 [info] > git ls-files --stage -- /root/hw/virtio/vdpa-dev.c [2ms]
2023-12-06 19:55:16.575 [info] > git cat-file -s 01b41eb0f123ab3341e7fddef2a32fbf7fe2d977 [1ms]
2023-12-06 19:55:17.421 [info] > git show --textconv :hw/virtio/vhost-backend.c [3ms]
2023-12-06 19:55:17.423 [info] > git ls-files --stage -- /root/hw/virtio/vhost-backend.c [2ms]
2023-12-06 19:55:17.426 [info] > git cat-file -s 8e581575c9b3f73e8c57820c6171473a4003d59f [0ms]
2023-12-06 19:55:18.244 [info] > git show --textconv :hw/virtio/vhost-iova-tree.h [4ms]
2023-12-06 19:55:18.244 [info] > git ls-files --stage -- /root/hw/virtio/vhost-iova-tree.h [1ms]
2023-12-06 19:55:18.248 [info] > git cat-file -s 4adfd79ff039081f8dd604ceccb4d858f8e89cea [1ms]
2023-12-06 19:55:18.909 [info] > git show --textconv :hw/virtio/vhost-shadow-virtqueue.c [3ms]
2023-12-06 19:55:18.911 [info] > git ls-files --stage -- /root/hw/virtio/vhost-shadow-virtqueue.c [2ms]
2023-12-06 19:55:18.914 [info] > git cat-file -s bd7c12b6d37acccaabfa874018ff25d0c23a64a8 [1ms]
2023-12-06 19:55:19.460 [info] > git show --textconv :hw/virtio/vhost-stub.c [4ms]
2023-12-06 19:55:19.461 [info] > git ls-files --stage -- /root/hw/virtio/vhost-stub.c [1ms]
2023-12-06 19:55:19.465 [info] > git cat-file -s c175148fceb12fbd7ad475b1b9501349cc5be8cd [1ms]
2023-12-06 19:55:19.978 [info] > git show --textconv :hw/virtio/vhost-user-blk-pci.c [3ms]
2023-12-06 19:55:19.980 [info] > git ls-files --stage -- /root/hw/virtio/vhost-user-blk-pci.c [2ms]
2023-12-06 19:55:19.983 [info] > git cat-file -s eef8641a989159a311e537d234a64daa04045311 [1ms]
2023-12-06 19:55:20.540 [info] > git show --textconv :hw/virtio/vhost-user-fs.c [3ms]
2023-12-06 19:55:20.541 [info] > git ls-files --stage -- /root/hw/virtio/vhost-user-fs.c [1ms]
2023-12-06 19:55:20.545 [info] > git cat-file -s 83fc20e49e6554af21e8810d7c1089fc9bae5652 [1ms]
2023-12-06 19:55:21.369 [info] > git show --textconv :hw/virtio/vhost-user-gpio-pci.c [4ms]
2023-12-06 19:55:21.370 [info] > git ls-files --stage -- /root/hw/virtio/vhost-user-gpio-pci.c [2ms]
2023-12-06 19:55:21.374 [info] > git cat-file -s b3028a24a19ac14336e20b9852d706994625358a [1ms]
2023-12-06 19:55:21.755 [info] > git show --textconv :hw/virtio/vhost-user-i2c-pci.c [4ms]
2023-12-06 19:55:21.756 [info] > git ls-files --stage -- /root/hw/virtio/vhost-user-i2c-pci.c [1ms]
2023-12-06 19:55:21.760 [info] > git cat-file -s 00ac10941fa318fa356d21c18e06fdc9cee3ce28 [1ms]
2023-12-06 19:55:22.824 [info] > git show --textconv :hw/virtio/vhost-user-i2c.c [3ms]
2023-12-06 19:55:22.826 [info] > git ls-files --stage -- /root/hw/virtio/vhost-user-i2c.c [2ms]
2023-12-06 19:55:22.829 [info] > git cat-file -s 60eaf0d95be06e66aed26e7480b022e9f6826df6 [1ms]
2023-12-06 19:55:24.486 [info] > git show --textconv :hw/virtio/vhost-user-input-pci.c [4ms]
2023-12-06 19:55:24.486 [info] > git ls-files --stage -- /root/hw/virtio/vhost-user-input-pci.c [1ms]
2023-12-06 19:55:24.490 [info] > git cat-file -s b858898a3630203eafb7f5135fa7110bf9c14652 [1ms]
2023-12-06 19:55:25.022 [info] > git show --textconv :hw/virtio/vhost-user-rng-pci.c [4ms]
2023-12-06 19:55:25.023 [info] > git ls-files --stage -- /root/hw/virtio/vhost-user-rng-pci.c [2ms]
2023-12-06 19:55:25.027 [info] > git cat-file -s f64935453b68d45e60735ff599ebd58e51efeb23 [0ms]
2023-12-06 19:55:25.546 [info] > git show --textconv :hw/virtio/vhost-user-rng.c [3ms]
2023-12-06 19:55:25.547 [info] > git ls-files --stage -- /root/hw/virtio/vhost-user-rng.c [1ms]
2023-12-06 19:55:25.551 [info] > git cat-file -s efc54cd3fb1f745fa44aac1d6e1d594e52c05839 [1ms]
2023-12-06 19:55:26.300 [info] > git show --textconv :hw/virtio/vhost-vsock-common.c [4ms]
2023-12-06 19:55:26.301 [info] > git ls-files --stage -- /root/hw/virtio/vhost-vsock-common.c [1ms]
2023-12-06 19:55:26.305 [info] > git cat-file -s d2b5519d5a79b19858e8b6f0ba59b72fbb69d815 [1ms]
2023-12-06 19:55:28.731 [info] > git show --textconv :hw/virtio/virtio-tpm-pci.c [3ms]
2023-12-06 19:55:28.733 [info] > git ls-files --stage -- /root/hw/virtio/virtio-tpm-pci.c [2ms]
2023-12-06 19:56:04.412 [info] > git show --textconv :hw/virtio/tpm_virtio.c [4ms]
2023-12-06 19:56:04.413 [info] > git ls-files --stage -- /root/hw/virtio/tpm_virtio.c [2ms]
2023-12-06 19:58:46.224 [info] > git show --textconv :qom/object.c [4ms]
2023-12-06 19:58:46.225 [info] > git ls-files --stage -- /root/qom/object.c [1ms]
2023-12-06 19:58:46.229 [info] > git cat-file -s e25f1e96db1ecf325af37d204aa843d28e0a4556 [1ms]
2023-12-06 19:58:46.309 [info] > git check-ignore -v -z --stdin [1ms]
2023-12-06 19:58:46.826 [info] > git check-ignore -v -z --stdin [3ms]
2023-12-06 19:58:52.236 [info] > git show --textconv :softmmu/vl.c [4ms]
2023-12-06 19:58:52.237 [info] > git ls-files --stage -- /root/softmmu/vl.c [1ms]
2023-12-06 19:58:52.241 [info] > git cat-file -s ea20b23e4c844f4d6d29f0b6939aa90be7edadca [1ms]
2023-12-06 19:58:57.521 [info] > git show --textconv :util/module.c [3ms]
2023-12-06 19:58:57.522 [info] > git ls-files --stage -- /root/util/module.c [1ms]
2023-12-06 19:58:57.526 [info] > git cat-file -s 32e263163c75dfa8e93ca67c739d4a501162353c [1ms]
2023-12-06 19:59:02.426 [info] > git show --textconv :hw/core/cpu-common.c [4ms]
2023-12-06 19:59:02.427 [info] > git ls-files --stage -- /root/hw/core/cpu-common.c [1ms]
2023-12-06 19:59:02.431 [info] > git cat-file -s 5ccc3837b678dcdc459e3373077c3f2d0437d957 [1ms]
2023-12-06 19:59:02.533 [info] > git check-ignore -v -z --stdin [2ms]
2023-12-06 19:59:03.044 [info] > git check-ignore -v -z --stdin [5ms]
2023-12-06 19:59:04.833 [info] > git show --textconv :qom/object.c [4ms]
2023-12-06 19:59:04.834 [info] > git ls-files --stage -- /root/qom/object.c [2ms]
2023-12-06 19:59:04.838 [info] > git cat-file -s e25f1e96db1ecf325af37d204aa843d28e0a4556 [1ms]
2023-12-06 19:59:09.086 [info] > git show --textconv :softmmu/main.c [3ms]
2023-12-06 19:59:09.087 [info] > git ls-files --stage -- /root/softmmu/main.c [2ms]
2023-12-06 19:59:09.090 [info] > git cat-file -s 694388bd7f7f6785c2e753b184fc2bd2e77bf296 [0ms]
2023-12-06 19:59:11.029 [info] > git show --textconv :softmmu/vl.c [4ms]
2023-12-06 19:59:11.030 [info] > git ls-files --stage -- /root/softmmu/vl.c [2ms]
2023-12-06 19:59:11.034 [info] > git cat-file -s ea20b23e4c844f4d6d29f0b6939aa90be7edadca [0ms]
2023-12-06 19:59:12.887 [info] > git show --textconv :softmmu/main.c [3ms]
2023-12-06 19:59:12.889 [info] > git ls-files --stage -- /root/softmmu/main.c [2ms]
2023-12-06 19:59:12.892 [info] > git cat-file -s 694388bd7f7f6785c2e753b184fc2bd2e77bf296 [1ms]
2023-12-06 19:59:18.277 [info] > git show --textconv :softmmu/vl.c [4ms]
2023-12-06 19:59:18.278 [info] > git ls-files --stage -- /root/softmmu/vl.c [2ms]
2023-12-06 19:59:18.282 [info] > git cat-file -s ea20b23e4c844f4d6d29f0b6939aa90be7edadca [1ms]
2023-12-06 19:59:59.551 [info] > git show --textconv :util/module.c [4ms]
2023-12-06 19:59:59.552 [info] > git ls-files --stage -- /root/util/module.c [1ms]
2023-12-06 19:59:59.556 [info] > git cat-file -s 32e263163c75dfa8e93ca67c739d4a501162353c [1ms]
2023-12-06 20:00:02.379 [info] > git show --textconv :softmmu/runstate.c [3ms]
2023-12-06 20:00:02.380 [info] > git ls-files --stage -- /root/softmmu/runstate.c [2ms]
2023-12-06 20:00:02.384 [info] > git cat-file -s d1e04586dbcd1aaba9ed884abf2fe0fa342df4c0 [1ms]
2023-12-06 20:04:54.101 [info] > git show --textconv :hw/virtio/tpm_virtio.c [4ms]
2023-12-06 20:04:54.102 [info] > git ls-files --stage -- /root/hw/virtio/tpm_virtio.c [1ms]
2023-12-06 20:07:19.988 [info] > git show --textconv :hw/virtio/Kconfig [3ms]
2023-12-06 20:07:19.989 [info] > git ls-files --stage -- /root/hw/virtio/Kconfig [2ms]
2023-12-06 20:07:19.993 [info] > git cat-file -s 89e9e426d854fce3b90a1c402fc91aba8edbdbf0 [1ms]
2023-12-06 20:07:38.149 [info] > git show --textconv :hw/virtio/meson.build [4ms]
2023-12-06 20:07:38.150 [info] > git ls-files --stage -- /root/hw/virtio/meson.build [2ms]
2023-12-06 20:07:38.154 [info] > git cat-file -s bdec78bfc68ef2e6aa76df165ede4190d7b73759 [1ms]
2023-12-06 20:09:10.431 [info] > git check-ignore -v -z --stdin [4ms]
2023-12-06 20:15:43.446 [info] > git show --textconv :hw/core/cpu-common.c [3ms]
2023-12-06 20:15:43.447 [info] > git ls-files --stage -- /root/hw/core/cpu-common.c [2ms]
2023-12-06 20:15:43.451 [info] > git cat-file -s 5ccc3837b678dcdc459e3373077c3f2d0437d957 [1ms]
2023-12-06 20:15:45.860 [info] > git show --textconv :softmmu/main.c [4ms]
2023-12-06 20:15:45.861 [info] > git ls-files --stage -- /root/softmmu/main.c [1ms]
2023-12-06 20:15:45.865 [info] > git cat-file -s 694388bd7f7f6785c2e753b184fc2bd2e77bf296 [1ms]
2023-12-06 20:15:46.388 [info] > git show --textconv :hw/input/virtio-input-hid.c [3ms]
2023-12-06 20:15:46.389 [info] > git ls-files --stage -- /root/hw/input/virtio-input-hid.c [2ms]
2023-12-06 20:15:46.392 [info] > git cat-file -s a7a244a95dbb50dc0cc182a9a6b4af2e55a38723 [0ms]
2023-12-06 20:15:49.382 [info] > git show --textconv :hw/input/virtio-input.c [3ms]
2023-12-06 20:15:49.384 [info] > git ls-files --stage -- /root/hw/input/virtio-input.c [2ms]
2023-12-06 20:15:49.387 [info] > git cat-file -s 5b5398b3cacfc9c4c5da5f171b455a90c9fd78c5 [1ms]
2023-12-06 20:16:05.554 [info] > git show --textconv :hw/virtio/tpm_virtio.c [4ms]
2023-12-06 20:16:05.555 [info] > git ls-files --stage -- /root/hw/virtio/tpm_virtio.c [1ms]
2023-12-06 20:18:35.983 [info] > git show --textconv :hw/virtio/meson.build [5ms]
2023-12-06 20:18:35.984 [info] > git ls-files --stage -- /root/hw/virtio/meson.build [1ms]
2023-12-06 20:18:35.987 [info] > git cat-file -s bdec78bfc68ef2e6aa76df165ede4190d7b73759 [1ms]
2023-12-06 20:22:45.218 [info] > git show --textconv :hw/virtio/Kconfig [4ms]
2023-12-06 20:22:45.219 [info] > git ls-files --stage -- /root/hw/virtio/Kconfig [2ms]
2023-12-06 20:22:45.223 [info] > git cat-file -s 89e9e426d854fce3b90a1c402fc91aba8edbdbf0 [1ms]
2023-12-06 20:23:40.191 [info] > git show --textconv :hw/virtio/tpm_virtio.c [4ms]
2023-12-06 20:23:40.191 [info] > git ls-files --stage -- /root/hw/virtio/tpm_virtio.c [1ms]
2023-12-06 20:23:43.016 [info] > git show --textconv :hw/virtio/meson.build [4ms]
2023-12-06 20:23:43.017 [info] > git ls-files --stage -- /root/hw/virtio/meson.build [2ms]
2023-12-06 20:23:43.021 [info] > git cat-file -s bdec78bfc68ef2e6aa76df165ede4190d7b73759 [1ms]
2023-12-06 20:25:15.891 [info] > git show --textconv :hw/virtio/Kconfig [4ms]
2023-12-06 20:25:15.892 [info] > git ls-files --stage -- /root/hw/virtio/Kconfig [1ms]
2023-12-06 20:25:15.896 [info] > git cat-file -s 89e9e426d854fce3b90a1c402fc91aba8edbdbf0 [1ms]
2023-12-06 20:25:19.155 [info] > git show --textconv :hw/virtio/meson.build [3ms]
2023-12-06 20:25:19.157 [info] > git ls-files --stage -- /root/hw/virtio/meson.build [2ms]
2023-12-06 20:25:19.161 [info] > git cat-file -s bdec78bfc68ef2e6aa76df165ede4190d7b73759 [0ms]
2023-12-06 20:31:25.396 [info] > git show --textconv :qom/object.c [4ms]
2023-12-06 20:31:25.397 [info] > git ls-files --stage -- /root/qom/object.c [1ms]
2023-12-06 20:31:25.401 [info] > git cat-file -s e25f1e96db1ecf325af37d204aa843d28e0a4556 [1ms]
2023-12-06 20:31:29.323 [info] > git show --textconv :softmmu/main.c [4ms]
2023-12-06 20:31:29.324 [info] > git ls-files --stage -- /root/softmmu/main.c [1ms]
2023-12-06 20:31:29.328 [info] > git cat-file -s 694388bd7f7f6785c2e753b184fc2bd2e77bf296 [1ms]
2023-12-06 20:31:35.867 [info] > git show --textconv :hw/virtio/tpm_virtio.c [4ms]
2023-12-06 20:31:35.868 [info] > git ls-files --stage -- /root/hw/virtio/tpm_virtio.c [1ms]
2023-12-06 20:31:48.539 [info] > git show --textconv :hw/virtio/tpm_virtio.h [3ms]
2023-12-06 20:31:48.541 [info] > git ls-files --stage -- /root/hw/virtio/tpm_virtio.h [2ms]
2023-12-06 20:31:50.557 [info] > git show --textconv :hw/virtio/tpm_virtio.c [4ms]
2023-12-06 20:31:50.558 [info] > git ls-files --stage -- /root/hw/virtio/tpm_virtio.c [1ms]
2023-12-06 20:34:58.619 [info] > git show --textconv :hw/virtio/virtio-rng.c [4ms]
2023-12-06 20:34:58.620 [info] > git ls-files --stage -- /root/hw/virtio/virtio-rng.c [1ms]
2023-12-06 20:34:58.624 [info] > git cat-file -s 7e12fc03bfcca8bdc7e34ec34e3cb668d3b35ca3 [1ms]
2023-12-06 20:35:21.486 [info] > git show --textconv :hw/virtio/tpm_virtio.c [3ms]
2023-12-06 20:35:21.488 [info] > git ls-files --stage -- /root/hw/virtio/tpm_virtio.c [2ms]
2023-12-06 20:35:32.916 [info] > git show --textconv :hw/virtio/virtio-rng.c [4ms]
2023-12-06 20:35:32.917 [info] > git ls-files --stage -- /root/hw/virtio/virtio-rng.c [2ms]
2023-12-06 20:35:32.921 [info] > git cat-file -s 7e12fc03bfcca8bdc7e34ec34e3cb668d3b35ca3 [1ms]
2023-12-06 20:36:32.387 [info] > git show --textconv :hw/virtio/Kconfig [3ms]
2023-12-06 20:36:32.389 [info] > git ls-files --stage -- /root/hw/virtio/Kconfig [2ms]
2023-12-06 20:36:32.393 [info] > git cat-file -s 89e9e426d854fce3b90a1c402fc91aba8edbdbf0 [0ms]
2023-12-06 20:36:38.728 [info] > git check-ignore -v -z --stdin [6ms]
2023-12-06 20:36:39.913 [info] > git check-ignore -v -z --stdin [3ms]
2023-12-06 20:36:43.148 [info] > git check-ignore -v -z --stdin [6ms]
2023-12-06 20:36:44.736 [info] > git show --textconv :include/standard-headers/linux/virtio_tpm.h [4ms]
2023-12-06 20:36:44.737 [info] > git ls-files --stage -- /root/include/standard-headers/linux/virtio_tpm.h [1ms]
2023-12-06 20:37:13.831 [info] > git show --textconv :include/standard-headers/linux/virtio_ids.h [4ms]
2023-12-06 20:37:13.833 [info] > git ls-files --stage -- /root/include/standard-headers/linux/virtio_ids.h [1ms]
2023-12-06 20:37:13.836 [info] > git cat-file -s 7aa2eb76620508fdc915533f74973d76308d3ef5 [1ms]
2023-12-06 20:37:30.321 [info] > git show --textconv :hw/input/virtio-input-hid.c [3ms]
2023-12-06 20:37:30.323 [info] > git ls-files --stage -- /root/hw/input/virtio-input-hid.c [2ms]
2023-12-06 20:37:30.326 [info] > git cat-file -s a7a244a95dbb50dc0cc182a9a6b4af2e55a38723 [0ms]
2023-12-06 20:37:31.255 [info] > git show --textconv :softmmu/main.c [3ms]
2023-12-06 20:37:31.256 [info] > git ls-files --stage -- /root/softmmu/main.c [2ms]
2023-12-06 20:37:31.260 [info] > git cat-file -s 694388bd7f7f6785c2e753b184fc2bd2e77bf296 [1ms]
2023-12-06 20:37:34.477 [info] > git show --textconv :hw/virtio/Kconfig [4ms]
2023-12-06 20:37:34.478 [info] > git ls-files --stage -- /root/hw/virtio/Kconfig [2ms]
2023-12-06 20:37:34.482 [info] > git cat-file -s 89e9e426d854fce3b90a1c402fc91aba8edbdbf0 [1ms]
2023-12-06 20:37:35.672 [info] > git show --textconv :hw/input/virtio-input-hid.c [4ms]
2023-12-06 20:37:35.674 [info] > git ls-files --stage -- /root/hw/input/virtio-input-hid.c [1ms]
2023-12-06 20:37:35.680 [info] > git cat-file -s a7a244a95dbb50dc0cc182a9a6b4af2e55a38723 [1ms]
2023-12-06 20:37:38.703 [info] > git show --textconv :softmmu/vl.c [3ms]
2023-12-06 20:37:38.705 [info] > git ls-files --stage -- /root/softmmu/vl.c [2ms]
2023-12-06 20:37:38.708 [info] > git cat-file -s ea20b23e4c844f4d6d29f0b6939aa90be7edadca [0ms]
2023-12-06 20:37:39.859 [info] > git show --textconv :hw/input/virtio-input-hid.c [4ms]
2023-12-06 20:37:39.860 [info] > git ls-files --stage -- /root/hw/input/virtio-input-hid.c [2ms]
2023-12-06 20:37:39.864 [info] > git cat-file -s a7a244a95dbb50dc0cc182a9a6b4af2e55a38723 [1ms]
2023-12-06 20:37:46.861 [info] > git show --textconv :util/module.c [4ms]
2023-12-06 20:37:46.862 [info] > git ls-files --stage -- /root/util/module.c [2ms]
2023-12-06 20:37:46.866 [info] > git cat-file -s 32e263163c75dfa8e93ca67c739d4a501162353c [1ms]
2023-12-06 20:37:52.340 [info] > git show --textconv :hw/input/virtio-input-hid.c [4ms]
2023-12-06 20:37:52.341 [info] > git ls-files --stage -- /root/hw/input/virtio-input-hid.c [2ms]
2023-12-06 20:37:52.345 [info] > git cat-file -s a7a244a95dbb50dc0cc182a9a6b4af2e55a38723 [1ms]
2023-12-06 20:38:03.990 [info] > git show --textconv :hw/virtio/tpm_virtio.c [3ms]
2023-12-06 20:38:03.992 [info] > git ls-files --stage -- /root/hw/virtio/tpm_virtio.c [2ms]
2023-12-06 20:38:08.080 [info] > git show --textconv :include/standard-headers/linux/virtio_ids.h [4ms]
2023-12-06 20:38:08.082 [info] > git ls-files --stage -- /root/include/standard-headers/linux/virtio_ids.h [2ms]
2023-12-06 20:38:08.085 [info] > git cat-file -s 7aa2eb76620508fdc915533f74973d76308d3ef5 [1ms]
2023-12-06 20:41:14.344 [info] > git show --textconv :hw/virtio/tpm_virtio.c [4ms]
2023-12-06 20:41:14.345 [info] > git ls-files --stage -- /root/hw/virtio/tpm_virtio.c [2ms]
2023-12-06 20:42:00.042 [info] > git show --textconv :hw/virtio/tpm_virtio.h [3ms]
2023-12-06 20:42:00.044 [info] > git ls-files --stage -- /root/hw/virtio/tpm_virtio.h [2ms]
2023-12-06 20:42:42.521 [info] > git show --textconv :hw/input/virtio-input-hid.c [3ms]
2023-12-06 20:42:42.523 [info] > git ls-files --stage -- /root/hw/input/virtio-input-hid.c [2ms]
2023-12-06 20:42:42.526 [info] > git cat-file -s a7a244a95dbb50dc0cc182a9a6b4af2e55a38723 [1ms]
2023-12-06 20:42:46.775 [info] > git check-ignore -v -z --stdin [4ms]
2023-12-06 20:42:51.710 [info] > git show --textconv :hw/virtio/tpm_virtio.c [4ms]
2023-12-06 20:42:51.712 [info] > git ls-files --stage -- /root/hw/virtio/tpm_virtio.c [2ms]
2023-12-06 20:43:04.834 [info] > git show --textconv :hw/input/virtio-input-hid.c [4ms]
2023-12-06 20:43:04.835 [info] > git ls-files --stage -- /root/hw/input/virtio-input-hid.c [2ms]
2023-12-06 20:43:04.838 [info] > git cat-file -s a7a244a95dbb50dc0cc182a9a6b4af2e55a38723 [1ms]
2023-12-06 20:43:06.077 [info] > git show --textconv :hw/virtio/tpm_virtio.c [4ms]
2023-12-06 20:43:06.078 [info] > git ls-files --stage -- /root/hw/virtio/tpm_virtio.c [2ms]
2023-12-06 20:43:13.417 [info] > git show --textconv :hw/virtio/tpm_virtio.h [4ms]
2023-12-06 20:43:13.419 [info] > git ls-files --stage -- /root/hw/virtio/tpm_virtio.h [2ms]
2023-12-06 20:43:16.509 [info] > git show --textconv :hw/virtio/tpm_virtio.h [3ms]
2023-12-06 20:43:16.511 [info] > git ls-files --stage -- /root/hw/virtio/tpm_virtio.h [1ms]
2023-12-06 20:43:18.936 [info] > git show --textconv :hw/input/virtio-input-hid.c [4ms]
2023-12-06 20:43:18.937 [info] > git ls-files --stage -- /root/hw/input/virtio-input-hid.c [1ms]
2023-12-06 20:43:18.941 [info] > git cat-file -s a7a244a95dbb50dc0cc182a9a6b4af2e55a38723 [1ms]
2023-12-06 20:43:20.613 [info] > git show --textconv :hw/virtio/tpm_virtio.h [4ms]
2023-12-06 20:43:20.614 [info] > git ls-files --stage -- /root/hw/virtio/tpm_virtio.h [2ms]
2023-12-06 20:43:24.013 [info] > git show --textconv :hw/virtio/tpm_virtio.c [4ms]
2023-12-06 20:43:24.015 [info] > git ls-files --stage -- /root/hw/virtio/tpm_virtio.c [1ms]
2023-12-06 20:43:26.976 [info] > git show --textconv :hw/virtio/tpm_virtio.h [4ms]
2023-12-06 20:43:26.977 [info] > git ls-files --stage -- /root/hw/virtio/tpm_virtio.h [2ms]
2023-12-06 20:43:34.604 [info] > git show --textconv :hw/virtio/tpm_virtio.c [4ms]
2023-12-06 20:43:34.605 [info] > git ls-files --stage -- /root/hw/virtio/tpm_virtio.c [1ms]
2023-12-06 20:43:36.382 [info] > git show --textconv :hw/virtio/tpm_virtio.h [4ms]
2023-12-06 20:43:36.383 [info] > git ls-files --stage -- /root/hw/virtio/tpm_virtio.h [1ms]
2023-12-06 20:43:47.577 [info] > git show --textconv :hw/virtio/virtio-rng.c [4ms]
2023-12-06 20:43:47.578 [info] > git ls-files --stage -- /root/hw/virtio/virtio-rng.c [1ms]
2023-12-06 20:43:47.582 [info] > git cat-file -s 7e12fc03bfcca8bdc7e34ec34e3cb668d3b35ca3 [1ms]
2023-12-06 20:43:50.222 [info] > git show --textconv :hw/virtio/virtio-rng.c [4ms]
2023-12-06 20:43:50.224 [info] > git ls-files --stage -- /root/hw/virtio/virtio-rng.c [2ms]
2023-12-06 20:43:50.227 [info] > git cat-file -s 7e12fc03bfcca8bdc7e34ec34e3cb668d3b35ca3 [1ms]
2023-12-06 20:44:41.876 [info] > git show --textconv :hw/virtio/virtio-mem-pci.h [4ms]
2023-12-06 20:44:41.877 [info] > git ls-files --stage -- /root/hw/virtio/virtio-mem-pci.h [1ms]
2023-12-06 20:44:41.881 [info] > git cat-file -s e636e1a48d5e94fd82d3d8a27fe6ef0a738a0eac [1ms]
2023-12-06 20:45:01.173 [info] > git show --textconv :hw/virtio/tpm_virtio.h [3ms]
2023-12-06 20:45:01.174 [info] > git ls-files --stage -- /root/hw/virtio/tpm_virtio.h [1ms]
2023-12-06 20:45:23.232 [info] > git show --textconv :hw/virtio/virtio-mem-pci.h [4ms]
2023-12-06 20:45:23.233 [info] > git ls-files --stage -- /root/hw/virtio/virtio-mem-pci.h [1ms]
2023-12-06 20:45:23.237 [info] > git cat-file -s e636e1a48d5e94fd82d3d8a27fe6ef0a738a0eac [1ms]
2023-12-06 20:45:29.493 [info] > git show --textconv :hw/virtio/tpm_virtio.h [3ms]
2023-12-06 20:45:29.495 [info] > git ls-files --stage -- /root/hw/virtio/tpm_virtio.h [2ms]
2023-12-06 20:46:27.005 [info] > git show --textconv :hw/virtio/virtio-mem-pci.h [3ms]
2023-12-06 20:46:27.007 [info] > git ls-files --stage -- /root/hw/virtio/virtio-mem-pci.h [2ms]
2023-12-06 20:46:27.010 [info] > git cat-file -s e636e1a48d5e94fd82d3d8a27fe6ef0a738a0eac [1ms]
2023-12-06 20:46:41.010 [info] > git show --textconv :hw/virtio/tpm_virtio.h [3ms]
2023-12-06 20:46:41.012 [info] > git ls-files --stage -- /root/hw/virtio/tpm_virtio.h [2ms]
2023-12-06 20:46:51.651 [info] > git show --textconv :hw/virtio/tpm_virtio.c [5ms]
2023-12-06 20:46:51.652 [info] > git ls-files --stage -- /root/hw/virtio/tpm_virtio.c [2ms]
2023-12-06 20:47:06.693 [info] > git show --textconv :hw/virtio/virtio-tpm-pci.c [4ms]
2023-12-06 20:47:06.694 [info] > git ls-files --stage -- /root/hw/virtio/virtio-tpm-pci.c [2ms]
2023-12-06 20:47:22.812 [info] > git show --textconv :hw/virtio/virtio-tpm-pci.h [4ms]
2023-12-06 20:47:22.813 [info] > git ls-files --stage -- /root/hw/virtio/virtio-tpm-pci.h [2ms]
2023-12-06 20:47:28.696 [info] > git show --textconv :hw/virtio/virtio-tpm-pci.c [4ms]
2023-12-06 20:47:28.697 [info] > git ls-files --stage -- /root/hw/virtio/virtio-tpm-pci.c [1ms]
2023-12-06 20:47:32.257 [info] > git show --textconv :hw/virtio/tpm_virtio.c [4ms]
2023-12-06 20:47:32.258 [info] > git ls-files --stage -- /root/hw/virtio/tpm_virtio.c [1ms]
2023-12-06 20:47:35.128 [info] > git show --textconv :hw/virtio/tpm_virtio.h [3ms]
2023-12-06 20:47:35.130 [info] > git ls-files --stage -- /root/hw/virtio/tpm_virtio.h [1ms]
2023-12-06 20:47:52.642 [info] > git show --textconv :hw/virtio/tpm_virtio.c [4ms]
2023-12-06 20:47:52.643 [info] > git ls-files --stage -- /root/hw/virtio/tpm_virtio.c [2ms]
2023-12-06 20:48:00.188 [info] > git show --textconv :hw/virtio/tpm_virtio.h [4ms]
2023-12-06 20:48:00.189 [info] > git ls-files --stage -- /root/hw/virtio/tpm_virtio.h [2ms]
2023-12-06 20:48:04.605 [info] > git show --textconv :hw/virtio/virtio-tpm-pci.c [3ms]
2023-12-06 20:48:04.606 [info] > git ls-files --stage -- /root/hw/virtio/virtio-tpm-pci.c [1ms]
2023-12-06 20:48:11.010 [info] > git show --textconv :hw/virtio/tpm_virtio.c [4ms]
2023-12-06 20:48:11.011 [info] > git ls-files --stage -- /root/hw/virtio/tpm_virtio.c [1ms]
2023-12-06 20:48:15.500 [info] > git show --textconv :hw/virtio/tpm_virtio.h [3ms]
2023-12-06 20:48:15.502 [info] > git ls-files --stage -- /root/hw/virtio/tpm_virtio.h [2ms]
2023-12-06 20:48:21.355 [info] > git show --textconv :hw/virtio/virtio-tpm-pci.c [4ms]
2023-12-06 20:48:21.356 [info] > git ls-files --stage -- /root/hw/virtio/virtio-tpm-pci.c [2ms]
2023-12-06 20:48:23.024 [info] > git show --textconv :hw/virtio/virtio-tpm-pci.h [4ms]
2023-12-06 20:48:23.025 [info] > git ls-files --stage -- /root/hw/virtio/virtio-tpm-pci.h [1ms]
2023-12-06 20:48:50.710 [info] > git show --textconv :hw/virtio/tpm_virtio.c [4ms]
2023-12-06 20:48:50.711 [info] > git ls-files --stage -- /root/hw/virtio/tpm_virtio.c [2ms]
2023-12-06 20:48:56.421 [info] > git show --textconv :hw/virtio/tpm_virtio.h [4ms]
2023-12-06 20:48:56.422 [info] > git ls-files --stage -- /root/hw/virtio/tpm_virtio.h [2ms]
2023-12-06 20:52:42.845 [info] > git show --textconv :hw/virtio/tpm_virtio.c [3ms]
2023-12-06 20:52:42.847 [info] > git ls-files --stage -- /root/hw/virtio/tpm_virtio.c [2ms]
2023-12-06 20:52:50.968 [info] > git show --textconv :hw/virtio/tpm_virtio.h [4ms]
2023-12-06 20:52:50.969 [info] > git ls-files --stage -- /root/hw/virtio/tpm_virtio.h [2ms]
2023-12-06 20:54:26.322 [info] > git show --textconv :hw/virtio/virtio-tpm-pci.h [4ms]
2023-12-06 20:54:26.323 [info] > git ls-files --stage -- /root/hw/virtio/virtio-tpm-pci.h [2ms]
2023-12-06 20:54:37.028 [info] > git show --textconv :hw/virtio/virtio-tpm-pci.c [4ms]
2023-12-06 20:54:37.029 [info] > git ls-files --stage -- /root/hw/virtio/virtio-tpm-pci.c [2ms]
2023-12-06 20:57:51.097 [info] > git show --textconv :hw/virtio/virtio-tpm-pci.h [4ms]
2023-12-06 20:57:51.098 [info] > git ls-files --stage -- /root/hw/virtio/virtio-tpm-pci.h [2ms]
2023-12-06 20:57:52.439 [info] > git show --textconv :hw/virtio/virtio-tpm-pci.c [3ms]
2023-12-06 20:57:52.441 [info] > git ls-files --stage -- /root/hw/virtio/virtio-tpm-pci.c [2ms]
2023-12-06 20:57:56.344 [info] > git show --textconv :hw/virtio/tpm_virtio.c [4ms]
2023-12-06 20:57:56.345 [info] > git ls-files --stage -- /root/hw/virtio/tpm_virtio.c [2ms]
